{"/home/travis/build/npmtest/node-npmtest-html-to-text/test.js":{"path":"/home/travis/build/npmtest/node-npmtest-html-to-text/test.js","s":{"1":2,"2":2,"3":2,"4":2,"5":2,"6":2,"7":2,"8":1,"9":2,"10":2,"11":1,"12":1,"13":1,"14":1,"15":2,"16":2,"17":2,"18":2,"19":1,"20":1,"21":2,"22":2,"23":2,"24":1,"25":1,"26":1,"27":1,"28":1,"29":1,"30":1,"31":1,"32":1,"33":1,"34":1,"35":1,"36":1,"37":1,"38":1,"39":2,"40":2,"41":1,"42":2,"43":2,"44":1,"45":2,"46":2,"47":1,"48":2,"49":2,"50":1,"51":1,"52":1,"53":1,"54":1},"b":{"1":[2,1,1,1],"2":[1,1,1,1],"3":[1,1],"4":[1,1],"5":[1,1],"6":[1,1],"7":[1,1],"8":[1,1],"9":[1,1],"10":[1,1,1],"11":[1,1],"12":[1,1],"13":[1,1],"14":[1,1],"15":[1,1],"16":[1,1],"17":[1,1]},"f":{"1":2,"2":2,"3":2,"4":2,"5":2,"6":1,"7":1,"8":1,"9":2,"10":2,"11":2,"12":2,"13":1},"fnMap":{"1":{"name":"(anonymous_1)","line":12,"loc":{"start":{"line":12,"column":1},"end":{"line":12,"column":13}}},"2":{"name":"(anonymous_2)","line":19,"loc":{"start":{"line":19,"column":5},"end":{"line":19,"column":17}}},"3":{"name":"(anonymous_3)","line":23,"loc":{"start":{"line":23,"column":24},"end":{"line":23,"column":36}}},"4":{"name":"(anonymous_4)","line":61,"loc":{"start":{"line":61,"column":5},"end":{"line":61,"column":17}}},"5":{"name":"(anonymous_5)","line":82,"loc":{"start":{"line":82,"column":5},"end":{"line":82,"column":17}}},"6":{"name":"(anonymous_6)","line":91,"loc":{"start":{"line":91,"column":77},"end":{"line":94,"column":10}}},"7":{"name":"(anonymous_7)","line":112,"loc":{"start":{"line":112,"column":83},"end":{"line":115,"column":10}},"skip":true},"8":{"name":"(anonymous_8)","line":123,"loc":{"start":{"line":123,"column":77},"end":{"line":126,"column":10}},"skip":true},"9":{"name":"(anonymous_9)","line":139,"loc":{"start":{"line":139,"column":12},"end":{"line":139,"column":40}},"skip":true},"10":{"name":"(anonymous_10)","line":147,"loc":{"start":{"line":147,"column":77},"end":{"line":150,"column":10}},"skip":true},"11":{"name":"(anonymous_11)","line":158,"loc":{"start":{"line":158,"column":83},"end":{"line":161,"column":10}},"skip":true},"12":{"name":"(anonymous_12)","line":169,"loc":{"start":{"line":169,"column":79},"end":{"line":172,"column":10}},"skip":true},"13":{"name":"(anonymous_13)","line":180,"loc":{"start":{"line":180,"column":75},"end":{"line":183,"column":10}},"skip":true}},"statementMap":{"1":{"start":{"line":12,"column":0},"end":{"line":195,"column":5}},"2":{"start":{"line":14,"column":4},"end":{"line":14,"column":14}},"3":{"start":{"line":19,"column":4},"end":{"line":56,"column":9}},"4":{"start":{"line":21,"column":8},"end":{"line":21,"column":19}},"5":{"start":{"line":23,"column":8},"end":{"line":35,"column":13}},"6":{"start":{"line":24,"column":12},"end":{"line":34,"column":13}},"7":{"start":{"line":25,"column":16},"end":{"line":28,"column":30}},"8":{"start":{"line":30,"column":16},"end":{"line":33,"column":27}},"9":{"start":{"line":37,"column":8},"end":{"line":39,"column":21}},"10":{"start":{"line":40,"column":8},"end":{"line":53,"column":9}},"11":{"start":{"line":43,"column":12},"end":{"line":46,"column":14}},"12":{"start":{"line":47,"column":12},"end":{"line":47,"column":18}},"13":{"start":{"line":50,"column":12},"end":{"line":51,"column":33}},"14":{"start":{"line":52,"column":12},"end":{"line":52,"column":18}},"15":{"start":{"line":55,"column":8},"end":{"line":55,"column":35}},"16":{"start":{"line":61,"column":4},"end":{"line":63,"column":9}},"17":{"start":{"line":62,"column":8},"end":{"line":62,"column":15}},"18":{"start":{"line":64,"column":4},"end":{"line":77,"column":5}},"19":{"start":{"line":70,"column":8},"end":{"line":70,"column":14}},"20":{"start":{"line":76,"column":8},"end":{"line":76,"column":14}},"21":{"start":{"line":82,"column":4},"end":{"line":84,"column":9}},"22":{"start":{"line":83,"column":8},"end":{"line":83,"column":15}},"23":{"start":{"line":85,"column":4},"end":{"line":194,"column":5}},"24":{"start":{"line":91,"column":8},"end":{"line":99,"column":10}},"25":{"start":{"line":98,"column":12},"end":{"line":98,"column":35}},"26":{"start":{"line":102,"column":8},"end":{"line":104,"column":63}},"27":{"start":{"line":105,"column":8},"end":{"line":105,"column":14}},"28":{"start":{"line":112,"column":8},"end":{"line":121,"column":10},"skip":true},"29":{"start":{"line":119,"column":12},"end":{"line":119,"column":55},"skip":true},"30":{"start":{"line":120,"column":12},"end":{"line":120,"column":48},"skip":true},"31":{"start":{"line":123,"column":8},"end":{"line":136,"column":10},"skip":true},"32":{"start":{"line":130,"column":12},"end":{"line":130,"column":76},"skip":true},"33":{"start":{"line":131,"column":12},"end":{"line":131,"column":73},"skip":true},"34":{"start":{"line":132,"column":12},"end":{"line":132,"column":74},"skip":true},"35":{"start":{"line":133,"column":12},"end":{"line":133,"column":79},"skip":true},"36":{"start":{"line":134,"column":12},"end":{"line":134,"column":25},"skip":true},"37":{"start":{"line":135,"column":12},"end":{"line":135,"column":45},"skip":true},"38":{"start":{"line":138,"column":8},"end":{"line":145,"column":14},"skip":true},"39":{"start":{"line":143,"column":16},"end":{"line":143,"column":29},"skip":true},"40":{"start":{"line":144,"column":16},"end":{"line":144,"column":55},"skip":true},"41":{"start":{"line":147,"column":8},"end":{"line":156,"column":10},"skip":true},"42":{"start":{"line":154,"column":12},"end":{"line":154,"column":25},"skip":true},"43":{"start":{"line":155,"column":12},"end":{"line":155,"column":45},"skip":true},"44":{"start":{"line":158,"column":8},"end":{"line":167,"column":10},"skip":true},"45":{"start":{"line":165,"column":12},"end":{"line":165,"column":25},"skip":true},"46":{"start":{"line":166,"column":12},"end":{"line":166,"column":48},"skip":true},"47":{"start":{"line":169,"column":8},"end":{"line":178,"column":10},"skip":true},"48":{"start":{"line":176,"column":12},"end":{"line":176,"column":25},"skip":true},"49":{"start":{"line":177,"column":12},"end":{"line":177,"column":46},"skip":true},"50":{"start":{"line":180,"column":8},"end":{"line":189,"column":10},"skip":true},"51":{"start":{"line":187,"column":12},"end":{"line":187,"column":94},"skip":true},"52":{"start":{"line":188,"column":12},"end":{"line":188,"column":48},"skip":true},"53":{"start":{"line":192,"column":8},"end":{"line":192,"column":35},"skip":true},"54":{"start":{"line":193,"column":8},"end":{"line":193,"column":14},"skip":true}},"branchMap":{"1":{"line":25,"type":"binary-expr","locations":[{"start":{"line":25,"column":23},"end":{"line":25,"column":62}},{"start":{"line":26,"column":20},"end":{"line":26,"column":70}},{"start":{"line":27,"column":20},"end":{"line":27,"column":71}},{"start":{"line":28,"column":20},"end":{"line":28,"column":29}}]},"2":{"line":30,"type":"binary-expr","locations":[{"start":{"line":30,"column":23},"end":{"line":30,"column":37}},{"start":{"line":31,"column":20},"end":{"line":31,"column":61}},{"start":{"line":32,"column":20},"end":{"line":32,"column":70}},{"start":{"line":33,"column":20},"end":{"line":33,"column":26}}]},"3":{"line":37,"type":"cond-expr","locations":[{"start":{"line":38,"column":14},"end":{"line":38,"column":20}},{"start":{"line":39,"column":14},"end":{"line":39,"column":20}}]},"4":{"line":40,"type":"switch","locations":[{"start":{"line":42,"column":8},"end":{"line":47,"column":18}},{"start":{"line":49,"column":8},"end":{"line":52,"column":18}}]},"5":{"line":44,"type":"binary-expr","locations":[{"start":{"line":44,"column":16},"end":{"line":44,"column":44}},{"start":{"line":44,"column":48},"end":{"line":44,"column":66}}]},"6":{"line":50,"type":"binary-expr","locations":[{"start":{"line":50,"column":21},"end":{"line":50,"column":49}},{"start":{"line":50,"column":53},"end":{"line":50,"column":72}}]},"7":{"line":64,"type":"switch","locations":[{"start":{"line":69,"column":4},"end":{"line":70,"column":14}},{"start":{"line":75,"column":4},"end":{"line":76,"column":14}}]},"8":{"line":85,"type":"switch","locations":[{"start":{"line":90,"column":4},"end":{"line":105,"column":14}},{"start":{"line":111,"column":4},"end":{"line":193,"column":14},"skip":true}]},"9":{"line":91,"type":"binary-expr","locations":[{"start":{"line":91,"column":42},"end":{"line":91,"column":73}},{"start":{"line":91,"column":77},"end":{"line":99,"column":9}}]},"10":{"line":102,"type":"binary-expr","locations":[{"start":{"line":102,"column":18},"end":{"line":102,"column":32}},{"start":{"line":103,"column":12},"end":{"line":103,"column":53}},{"start":{"line":104,"column":12},"end":{"line":104,"column":61}}]},"11":{"line":112,"type":"binary-expr","locations":[{"start":{"line":112,"column":45},"end":{"line":112,"column":79},"skip":true},{"start":{"line":112,"column":83},"end":{"line":121,"column":9},"skip":true}]},"12":{"line":123,"type":"binary-expr","locations":[{"start":{"line":123,"column":42},"end":{"line":123,"column":73},"skip":true},{"start":{"line":123,"column":77},"end":{"line":136,"column":9},"skip":true}]},"13":{"line":138,"type":"binary-expr","locations":[{"start":{"line":138,"column":48},"end":{"line":138,"column":85},"skip":true},{"start":{"line":139,"column":12},"end":{"line":145,"column":13},"skip":true}]},"14":{"line":147,"type":"binary-expr","locations":[{"start":{"line":147,"column":42},"end":{"line":147,"column":73},"skip":true},{"start":{"line":147,"column":77},"end":{"line":156,"column":9},"skip":true}]},"15":{"line":158,"type":"binary-expr","locations":[{"start":{"line":158,"column":45},"end":{"line":158,"column":79},"skip":true},{"start":{"line":158,"column":83},"end":{"line":167,"column":9},"skip":true}]},"16":{"line":169,"type":"binary-expr","locations":[{"start":{"line":169,"column":43},"end":{"line":169,"column":75},"skip":true},{"start":{"line":169,"column":79},"end":{"line":178,"column":9},"skip":true}]},"17":{"line":180,"type":"binary-expr","locations":[{"start":{"line":180,"column":41},"end":{"line":180,"column":71},"skip":true},{"start":{"line":180,"column":75},"end":{"line":189,"column":9},"skip":true}]}},"code":["/* istanbul instrument in package npmtest_html_to_text */","/*jslint","    bitwise: true,","    browser: true,","    maxerr: 8,","    maxlen: 96,","    node: true,","    nomen: true,","    regexp: true,","    stupid: true","*/","(function () {","    'use strict';","    var local;","","","","    // run shared js-env code - pre-init","    (function () {","        // init local","        local = {};","        // init modeJs","        local.modeJs = (function () {","            try {","                return typeof navigator.userAgent === 'string' &&","                    typeof document.querySelector('body') === 'object' &&","                    typeof XMLHttpRequest.prototype.open === 'function' &&","                    'browser';","            } catch (errorCaughtBrowser) {","                return module.exports &&","                    typeof process.versions.node === 'string' &&","                    typeof require('http').createServer === 'function' &&","                    'node';","            }","        }());","        // init global","        local.global = local.modeJs === 'browser'","            ? window","            : global;","        switch (local.modeJs) {","        // re-init local from window.local","        case 'browser':","            local = local.global.utility2.objectSetDefault(","                local.global.utility2_rollup || local.global.local,","                local.global.utility2","            );","            break;","        // re-init local from example.js","        case 'node':","            local = (local.global.utility2_rollup || require('utility2'))","                .requireReadme();","            break;","        }","        // export local","        local.global.local = local;","    }());","","","","    // run shared js-env code - function","    (function () {","        return;","    }());","    switch (local.modeJs) {","","","","    // run browser js-env code - function","    case 'browser':","        break;","","","","    // run node js-env code - function","    case 'node':","        break;","    }","","","","    // run shared js-env code - post-init","    (function () {","        return;","    }());","    switch (local.modeJs) {","","","","    // run browser js-env code - post-init","    case 'browser':","        local.testCase_browser_nullCase = local.testCase_browser_nullCase || function (","            options,","            onError","        ) {","        /*","         * this function will test browsers's null-case handling-behavior-behavior","         */","            onError(null, options);","        };","","        // run tests","        local.nop(local.modeTest &&","            document.querySelector('#testRunButton1') &&","            document.querySelector('#testRunButton1').click());","        break;","","","","    // run node js-env code - post-init","    /* istanbul ignore next */","    case 'node':","        local.testCase_buildApidoc_default = local.testCase_buildApidoc_default || function (","            options,","            onError","        ) {","        /*","         * this function will test buildApidoc's default handling-behavior-behavior","         */","            options = { modulePathList: module.paths };","            local.buildApidoc(options, onError);","        };","","        local.testCase_buildApp_default = local.testCase_buildApp_default || function (","            options,","            onError","        ) {","        /*","         * this function will test buildApp's default handling-behavior-behavior","         */","            local.testCase_buildReadme_default(options, local.onErrorThrow);","            local.testCase_buildLib_default(options, local.onErrorThrow);","            local.testCase_buildTest_default(options, local.onErrorThrow);","            local.testCase_buildCustomOrg_default(options, local.onErrorThrow);","            options = [];","            local.buildApp(options, onError);","        };","","        local.testCase_buildCustomOrg_default = local.testCase_buildCustomOrg_default ||","            function (options, onError) {","            /*","             * this function will test buildCustomOrg's default handling-behavior","             */","                options = {};","                local.buildCustomOrg(options, onError);","            };","","        local.testCase_buildLib_default = local.testCase_buildLib_default || function (","            options,","            onError","        ) {","        /*","         * this function will test buildLib's default handling-behavior","         */","            options = {};","            local.buildLib(options, onError);","        };","","        local.testCase_buildReadme_default = local.testCase_buildReadme_default || function (","            options,","            onError","        ) {","        /*","         * this function will test buildReadme's default handling-behavior-behavior","         */","            options = {};","            local.buildReadme(options, onError);","        };","","        local.testCase_buildTest_default = local.testCase_buildTest_default || function (","            options,","            onError","        ) {","        /*","         * this function will test buildTest's default handling-behavior","         */","            options = {};","            local.buildTest(options, onError);","        };","","        local.testCase_webpage_default = local.testCase_webpage_default || function (","            options,","            onError","        ) {","        /*","         * this function will test webpage's default handling-behavior","         */","            options = { modeCoverageMerge: true, url: local.serverLocalHost + '?modeTest=1' };","            local.browserTest(options, onError);","        };","","        // run test-server","        local.testRunServer(local);","        break;","    }","}());",""],"l":{"12":2,"14":2,"19":2,"21":2,"23":2,"24":2,"25":2,"30":1,"37":2,"40":2,"43":1,"47":1,"50":1,"52":1,"55":2,"61":2,"62":2,"64":2,"70":1,"76":1,"82":2,"83":2,"85":2,"91":1,"98":1,"102":1,"105":1,"112":1,"119":1,"120":1,"123":1,"130":1,"131":1,"132":1,"133":1,"134":1,"135":1,"138":1,"143":2,"144":2,"147":1,"154":2,"155":2,"158":1,"165":2,"166":2,"169":1,"176":2,"177":2,"180":1,"187":1,"188":1,"192":1,"193":1}},"/home/travis/build/npmtest/node-npmtest-html-to-text/lib.npmtest_html_to_text.js":{"path":"/home/travis/build/npmtest/node-npmtest-html-to-text/lib.npmtest_html_to_text.js","s":{"1":2,"2":2,"3":2,"4":2,"5":2,"6":2,"7":2,"8":1,"9":2,"10":2,"11":2,"12":2,"13":1,"14":1,"15":1,"16":1},"b":{"1":[2,1,1,1],"2":[1,1,1,1],"3":[1,1],"4":[2,2],"5":[1,1]},"f":{"1":2,"2":2,"3":2},"fnMap":{"1":{"name":"(anonymous_1)","line":12,"loc":{"start":{"line":12,"column":1},"end":{"line":12,"column":13}}},"2":{"name":"(anonymous_2)","line":19,"loc":{"start":{"line":19,"column":5},"end":{"line":19,"column":17}}},"3":{"name":"(anonymous_3)","line":23,"loc":{"start":{"line":23,"column":24},"end":{"line":23,"column":36}}}},"statementMap":{"1":{"start":{"line":12,"column":0},"end":{"line":53,"column":5}},"2":{"start":{"line":14,"column":4},"end":{"line":14,"column":14}},"3":{"start":{"line":19,"column":4},"end":{"line":52,"column":9}},"4":{"start":{"line":21,"column":8},"end":{"line":21,"column":19}},"5":{"start":{"line":23,"column":8},"end":{"line":35,"column":13}},"6":{"start":{"line":24,"column":12},"end":{"line":34,"column":13}},"7":{"start":{"line":25,"column":16},"end":{"line":28,"column":30}},"8":{"start":{"line":30,"column":16},"end":{"line":33,"column":27}},"9":{"start":{"line":37,"column":8},"end":{"line":39,"column":21}},"10":{"start":{"line":41,"column":8},"end":{"line":41,"column":54}},"11":{"start":{"line":43,"column":8},"end":{"line":43,"column":57}},"12":{"start":{"line":45,"column":8},"end":{"line":51,"column":9}},"13":{"start":{"line":46,"column":12},"end":{"line":46,"column":63}},"14":{"start":{"line":48,"column":12},"end":{"line":48,"column":35}},"15":{"start":{"line":49,"column":12},"end":{"line":49,"column":49}},"16":{"start":{"line":50,"column":12},"end":{"line":50,"column":43}}},"branchMap":{"1":{"line":25,"type":"binary-expr","locations":[{"start":{"line":25,"column":23},"end":{"line":25,"column":62}},{"start":{"line":26,"column":20},"end":{"line":26,"column":70}},{"start":{"line":27,"column":20},"end":{"line":27,"column":71}},{"start":{"line":28,"column":20},"end":{"line":28,"column":29}}]},"2":{"line":30,"type":"binary-expr","locations":[{"start":{"line":30,"column":23},"end":{"line":30,"column":37}},{"start":{"line":31,"column":20},"end":{"line":31,"column":61}},{"start":{"line":32,"column":20},"end":{"line":32,"column":70}},{"start":{"line":33,"column":20},"end":{"line":33,"column":26}}]},"3":{"line":37,"type":"cond-expr","locations":[{"start":{"line":38,"column":14},"end":{"line":38,"column":20}},{"start":{"line":39,"column":14},"end":{"line":39,"column":20}}]},"4":{"line":41,"type":"binary-expr","locations":[{"start":{"line":41,"column":16},"end":{"line":41,"column":44}},{"start":{"line":41,"column":48},"end":{"line":41,"column":53}}]},"5":{"line":45,"type":"if","locations":[{"start":{"line":45,"column":8},"end":{"line":45,"column":8}},{"start":{"line":45,"column":8},"end":{"line":45,"column":8}}]}},"code":["/* istanbul instrument in package npmtest_html_to_text */","/*jslint","    bitwise: true,","    browser: true,","    maxerr: 8,","    maxlen: 96,","    node: true,","    nomen: true,","    regexp: true,","    stupid: true","*/","(function () {","    'use strict';","    var local;","","","","    // run shared js-env code - pre-init","    (function () {","        // init local","        local = {};","        // init modeJs","        local.modeJs = (function () {","            try {","                return typeof navigator.userAgent === 'string' &&","                    typeof document.querySelector('body') === 'object' &&","                    typeof XMLHttpRequest.prototype.open === 'function' &&","                    'browser';","            } catch (errorCaughtBrowser) {","                return module.exports &&","                    typeof process.versions.node === 'string' &&","                    typeof require('http').createServer === 'function' &&","                    'node';","            }","        }());","        // init global","        local.global = local.modeJs === 'browser'","            ? window","            : global;","        // init utility2_rollup","        local = local.global.utility2_rollup || local;","        // init lib","        local.local = local.npmtest_html_to_text = local;","        // init exports","        if (local.modeJs === 'browser') {","            local.global.utility2_npmtest_html_to_text = local;","        } else {","            module.exports = local;","            module.exports.__dirname = __dirname;","            module.exports.module = module;","        }","    }());","}());",""],"l":{"12":2,"14":2,"19":2,"21":2,"23":2,"24":2,"25":2,"30":1,"37":2,"41":2,"43":2,"45":2,"46":1,"48":1,"49":1,"50":1}},"/home/travis/build/npmtest/node-npmtest-html-to-text/example.js":{"path":"/home/travis/build/npmtest/node-npmtest-html-to-text/example.js","s":{"1":2,"2":2,"3":2,"4":2,"5":2,"6":2,"7":2,"8":1,"9":2,"10":2,"11":2,"12":2,"13":1,"14":2,"15":2,"16":2,"17":2,"18":2,"19":0,"20":2,"21":1,"22":1,"23":1,"24":1,"25":1,"26":0,"27":0,"28":1,"29":1,"30":2,"31":0,"32":0,"33":0,"34":1,"35":2,"36":2,"37":3,"38":3,"39":3,"40":3,"41":0,"42":3,"43":3,"44":3,"45":1,"46":3,"47":1,"48":1,"49":1,"50":1,"51":1,"52":1,"53":1,"54":1,"55":1,"56":1,"57":0,"58":1,"59":6,"60":6,"61":1,"62":2,"63":0,"64":2,"65":1,"66":1,"67":0,"68":0,"69":0,"70":0,"71":0,"72":0,"73":0,"74":0,"75":0,"76":0,"77":0,"78":0,"79":0,"80":0,"81":0,"82":0,"83":0},"b":{"1":[2,1,1,1],"2":[1,1,1,1],"3":[1,1],"4":[2,2],"5":[1,1],"6":[1,1],"7":[2,0],"8":[2,1,1,1,1,1],"9":[0,2,0],"10":[1,1],"11":[2,1,1],"12":[1,0],"13":[0,2],"14":[2,0,0,0,0,0,0],"15":[0,3],"16":[3,0],"17":[1,1],"18":[0,1],"19":[1,2,0,2],"20":[1,0],"21":[1,1],"22":[0,0],"23":[0,0],"24":[0,0],"25":[0,0],"26":[0,0],"27":[0,0],"28":[0,0]},"f":{"1":2,"2":2,"3":2,"4":2,"5":2,"6":2,"7":3,"8":3,"9":3,"10":1,"11":6,"12":0},"fnMap":{"1":{"name":"(anonymous_1)","line":26,"loc":{"start":{"line":26,"column":1},"end":{"line":26,"column":13}}},"2":{"name":"(anonymous_2)","line":33,"loc":{"start":{"line":33,"column":5},"end":{"line":33,"column":17}}},"3":{"name":"(anonymous_3)","line":37,"loc":{"start":{"line":37,"column":24},"end":{"line":37,"column":36}}},"4":{"name":"(anonymous_4)","line":69,"loc":{"start":{"line":69,"column":31},"end":{"line":69,"column":48}},"skip":true},"5":{"name":"(anonymous_5)","line":78,"loc":{"start":{"line":78,"column":26},"end":{"line":78,"column":45}},"skip":true},"6":{"name":"(anonymous_6)","line":123,"loc":{"start":{"line":123,"column":33},"end":{"line":123,"column":48}},"skip":true},"7":{"name":"(anonymous_7)","line":125,"loc":{"start":{"line":125,"column":27},"end":{"line":125,"column":39}},"skip":true},"8":{"name":"(anonymous_8)","line":133,"loc":{"start":{"line":133,"column":59},"end":{"line":133,"column":74}},"skip":true},"9":{"name":"(anonymous_9)","line":143,"loc":{"start":{"line":143,"column":45},"end":{"line":143,"column":62}},"skip":true},"10":{"name":"(anonymous_10)","line":144,"loc":{"start":{"line":144,"column":73},"end":{"line":144,"column":92}},"skip":true},"11":{"name":"(anonymous_11)","line":272,"loc":{"start":{"line":272,"column":51},"end":{"line":272,"column":77}},"skip":true},"12":{"name":"(anonymous_12)","line":315,"loc":{"start":{"line":315,"column":32},"end":{"line":315,"column":61}},"skip":true}},"statementMap":{"1":{"start":{"line":26,"column":0},"end":{"line":326,"column":5}},"2":{"start":{"line":28,"column":4},"end":{"line":28,"column":14}},"3":{"start":{"line":33,"column":4},"end":{"line":60,"column":9}},"4":{"start":{"line":35,"column":8},"end":{"line":35,"column":19}},"5":{"start":{"line":37,"column":8},"end":{"line":49,"column":13}},"6":{"start":{"line":38,"column":12},"end":{"line":48,"column":13}},"7":{"start":{"line":39,"column":16},"end":{"line":42,"column":30}},"8":{"start":{"line":44,"column":16},"end":{"line":47,"column":27}},"9":{"start":{"line":51,"column":8},"end":{"line":53,"column":21}},"10":{"start":{"line":55,"column":8},"end":{"line":57,"column":45}},"11":{"start":{"line":59,"column":8},"end":{"line":59,"column":35}},"12":{"start":{"line":61,"column":4},"end":{"line":325,"column":5}},"13":{"start":{"line":69,"column":8},"end":{"line":121,"column":10},"skip":true},"14":{"start":{"line":70,"column":12},"end":{"line":88,"column":13},"skip":true},"15":{"start":{"line":76,"column":16},"end":{"line":87,"column":19},"skip":true},"16":{"start":{"line":79,"column":20},"end":{"line":86,"column":21},"skip":true},"17":{"start":{"line":82,"column":24},"end":{"line":82,"column":43},"skip":true},"18":{"start":{"line":83,"column":24},"end":{"line":83,"column":30},"skip":true},"19":{"start":{"line":85,"column":24},"end":{"line":85,"column":49},"skip":true},"20":{"start":{"line":89,"column":12},"end":{"line":107,"column":13},"skip":true},"21":{"start":{"line":92,"column":16},"end":{"line":102,"column":17},"skip":true},"22":{"start":{"line":93,"column":20},"end":{"line":93,"column":86},"skip":true},"23":{"start":{"line":94,"column":20},"end":{"line":95,"column":45},"skip":true},"24":{"start":{"line":96,"column":20},"end":{"line":96,"column":42},"skip":true},"25":{"start":{"line":97,"column":20},"end":{"line":97,"column":48},"skip":true},"26":{"start":{"line":100,"column":20},"end":{"line":100,"column":85},"skip":true},"27":{"start":{"line":101,"column":20},"end":{"line":101,"column":96},"skip":true},"28":{"start":{"line":103,"column":16},"end":{"line":103,"column":22},"skip":true},"29":{"start":{"line":106,"column":16},"end":{"line":106,"column":22},"skip":true},"30":{"start":{"line":108,"column":12},"end":{"line":120,"column":13},"skip":true},"31":{"start":{"line":114,"column":16},"end":{"line":119,"column":17},"skip":true},"32":{"start":{"line":116,"column":20},"end":{"line":116,"column":78},"skip":true},"33":{"start":{"line":118,"column":20},"end":{"line":118,"column":47},"skip":true},"34":{"start":{"line":123,"column":8},"end":{"line":141,"column":11},"skip":true},"35":{"start":{"line":124,"column":12},"end":{"line":124,"column":54},"skip":true},"36":{"start":{"line":125,"column":12},"end":{"line":140,"column":14},"skip":true},"37":{"start":{"line":126,"column":16},"end":{"line":126,"column":28},"skip":true},"38":{"start":{"line":127,"column":16},"end":{"line":127,"column":69},"skip":true},"39":{"start":{"line":128,"column":16},"end":{"line":128,"column":75},"skip":true},"40":{"start":{"line":129,"column":16},"end":{"line":131,"column":17},"skip":true},"41":{"start":{"line":130,"column":20},"end":{"line":130,"column":27},"skip":true},"42":{"start":{"line":133,"column":16},"end":{"line":137,"column":36},"skip":true},"43":{"start":{"line":134,"column":20},"end":{"line":136,"column":55},"skip":true},"44":{"start":{"line":139,"column":16},"end":{"line":139,"column":57},"skip":true},"45":{"start":{"line":143,"column":8},"end":{"line":147,"column":11},"skip":true},"46":{"start":{"line":144,"column":12},"end":{"line":146,"column":15},"skip":true},"47":{"start":{"line":145,"column":16},"end":{"line":145,"column":70},"skip":true},"48":{"start":{"line":149,"column":8},"end":{"line":149,"column":31},"skip":true},"49":{"start":{"line":150,"column":8},"end":{"line":150,"column":14},"skip":true},"50":{"start":{"line":158,"column":8},"end":{"line":158,"column":31},"skip":true},"51":{"start":{"line":160,"column":8},"end":{"line":160,"column":33},"skip":true},"52":{"start":{"line":161,"column":8},"end":{"line":161,"column":37},"skip":true},"53":{"start":{"line":162,"column":8},"end":{"line":162,"column":35},"skip":true},"54":{"start":{"line":164,"column":8},"end":{"line":164,"column":50},"skip":true},"55":{"start":{"line":166,"column":8},"end":{"line":256,"column":2},"skip":true},"56":{"start":{"line":258,"column":8},"end":{"line":286,"column":9},"skip":true},"57":{"start":{"line":259,"column":12},"end":{"line":269,"column":14},"skip":true},"58":{"start":{"line":271,"column":12},"end":{"line":285,"column":19},"skip":true},"59":{"start":{"line":274,"column":20},"end":{"line":274,"column":35},"skip":true},"60":{"start":{"line":275,"column":20},"end":{"line":284,"column":21},"skip":true},"61":{"start":{"line":277,"column":24},"end":{"line":277,"column":64},"skip":true},"62":{"start":{"line":279,"column":24},"end":{"line":279,"column":40},"skip":true},"63":{"start":{"line":281,"column":24},"end":{"line":281,"column":40},"skip":true},"64":{"start":{"line":283,"column":24},"end":{"line":283,"column":39},"skip":true},"65":{"start":{"line":288,"column":8},"end":{"line":290,"column":9},"skip":true},"66":{"start":{"line":289,"column":12},"end":{"line":289,"column":18},"skip":true},"67":{"start":{"line":291,"column":8},"end":{"line":293,"column":54},"skip":true},"68":{"start":{"line":296,"column":8},"end":{"line":301,"column":37},"skip":true},"69":{"start":{"line":303,"column":8},"end":{"line":303,"column":82},"skip":true},"70":{"start":{"line":306,"column":8},"end":{"line":308,"column":9},"skip":true},"71":{"start":{"line":307,"column":12},"end":{"line":307,"column":82},"skip":true},"72":{"start":{"line":310,"column":8},"end":{"line":312,"column":9},"skip":true},"73":{"start":{"line":311,"column":12},"end":{"line":311,"column":18},"skip":true},"74":{"start":{"line":313,"column":8},"end":{"line":313,"column":54},"skip":true},"75":{"start":{"line":314,"column":8},"end":{"line":314,"column":69},"skip":true},"76":{"start":{"line":315,"column":8},"end":{"line":323,"column":36},"skip":true},"77":{"start":{"line":316,"column":12},"end":{"line":316,"column":61},"skip":true},"78":{"start":{"line":317,"column":12},"end":{"line":320,"column":13},"skip":true},"79":{"start":{"line":318,"column":16},"end":{"line":318,"column":75},"skip":true},"80":{"start":{"line":319,"column":16},"end":{"line":319,"column":23},"skip":true},"81":{"start":{"line":321,"column":12},"end":{"line":321,"column":38},"skip":true},"82":{"start":{"line":322,"column":12},"end":{"line":322,"column":27},"skip":true},"83":{"start":{"line":324,"column":8},"end":{"line":324,"column":14},"skip":true}},"branchMap":{"1":{"line":39,"type":"binary-expr","locations":[{"start":{"line":39,"column":23},"end":{"line":39,"column":62}},{"start":{"line":40,"column":20},"end":{"line":40,"column":70}},{"start":{"line":41,"column":20},"end":{"line":41,"column":71}},{"start":{"line":42,"column":20},"end":{"line":42,"column":29}}]},"2":{"line":44,"type":"binary-expr","locations":[{"start":{"line":44,"column":23},"end":{"line":44,"column":37}},{"start":{"line":45,"column":20},"end":{"line":45,"column":61}},{"start":{"line":46,"column":20},"end":{"line":46,"column":70}},{"start":{"line":47,"column":20},"end":{"line":47,"column":26}}]},"3":{"line":51,"type":"cond-expr","locations":[{"start":{"line":52,"column":14},"end":{"line":52,"column":20}},{"start":{"line":53,"column":14},"end":{"line":53,"column":20}}]},"4":{"line":55,"type":"binary-expr","locations":[{"start":{"line":55,"column":16},"end":{"line":55,"column":44}},{"start":{"line":55,"column":49},"end":{"line":57,"column":43}}]},"5":{"line":55,"type":"cond-expr","locations":[{"start":{"line":56,"column":14},"end":{"line":56,"column":56}},{"start":{"line":57,"column":14},"end":{"line":57,"column":43}}]},"6":{"line":61,"type":"switch","locations":[{"start":{"line":68,"column":4},"end":{"line":150,"column":14},"skip":true},{"start":{"line":156,"column":4},"end":{"line":324,"column":14},"skip":true}]},"7":{"line":70,"type":"if","locations":[{"start":{"line":70,"column":12},"end":{"line":70,"column":12},"skip":true},{"start":{"line":70,"column":12},"end":{"line":70,"column":12},"skip":true}]},"8":{"line":70,"type":"binary-expr","locations":[{"start":{"line":70,"column":16},"end":{"line":70,"column":22},"skip":true},{"start":{"line":70,"column":27},"end":{"line":70,"column":32},"skip":true},{"start":{"line":71,"column":20},"end":{"line":71,"column":39},"skip":true},{"start":{"line":72,"column":20},"end":{"line":72,"column":49},"skip":true},{"start":{"line":73,"column":20},"end":{"line":73,"column":58},"skip":true},{"start":{"line":74,"column":20},"end":{"line":74,"column":69},"skip":true}]},"9":{"line":79,"type":"switch","locations":[{"start":{"line":80,"column":20},"end":{"line":80,"column":33},"skip":true},{"start":{"line":81,"column":20},"end":{"line":83,"column":30},"skip":true},{"start":{"line":84,"column":20},"end":{"line":85,"column":49},"skip":true}]},"10":{"line":89,"type":"switch","locations":[{"start":{"line":90,"column":12},"end":{"line":103,"column":22},"skip":true},{"start":{"line":105,"column":12},"end":{"line":106,"column":22},"skip":true}]},"11":{"line":89,"type":"binary-expr","locations":[{"start":{"line":89,"column":20},"end":{"line":89,"column":25},"skip":true},{"start":{"line":89,"column":29},"end":{"line":89,"column":48},"skip":true},{"start":{"line":89,"column":52},"end":{"line":89,"column":74},"skip":true}]},"12":{"line":92,"type":"if","locations":[{"start":{"line":92,"column":16},"end":{"line":92,"column":16},"skip":true},{"start":{"line":92,"column":16},"end":{"line":92,"column":16},"skip":true}]},"13":{"line":108,"type":"if","locations":[{"start":{"line":108,"column":12},"end":{"line":108,"column":12},"skip":true},{"start":{"line":108,"column":12},"end":{"line":108,"column":12},"skip":true}]},"14":{"line":108,"type":"binary-expr","locations":[{"start":{"line":108,"column":16},"end":{"line":108,"column":61},"skip":true},{"start":{"line":108,"column":66},"end":{"line":108,"column":72},"skip":true},{"start":{"line":108,"column":77},"end":{"line":108,"column":82},"skip":true},{"start":{"line":109,"column":20},"end":{"line":109,"column":39},"skip":true},{"start":{"line":110,"column":20},"end":{"line":110,"column":49},"skip":true},{"start":{"line":111,"column":20},"end":{"line":111,"column":58},"skip":true},{"start":{"line":112,"column":20},"end":{"line":112,"column":68},"skip":true}]},"15":{"line":129,"type":"if","locations":[{"start":{"line":129,"column":16},"end":{"line":129,"column":16},"skip":true},{"start":{"line":129,"column":16},"end":{"line":129,"column":16},"skip":true}]},"16":{"line":134,"type":"cond-expr","locations":[{"start":{"line":135,"column":26},"end":{"line":135,"column":29},"skip":true},{"start":{"line":136,"column":26},"end":{"line":136,"column":54},"skip":true}]},"17":{"line":164,"type":"binary-expr","locations":[{"start":{"line":164,"column":27},"end":{"line":164,"column":43},"skip":true},{"start":{"line":164,"column":47},"end":{"line":164,"column":49},"skip":true}]},"18":{"line":258,"type":"if","locations":[{"start":{"line":258,"column":8},"end":{"line":258,"column":8},"skip":true},{"start":{"line":258,"column":8},"end":{"line":258,"column":8},"skip":true}]},"19":{"line":275,"type":"switch","locations":[{"start":{"line":276,"column":20},"end":{"line":277,"column":64},"skip":true},{"start":{"line":278,"column":20},"end":{"line":279,"column":40},"skip":true},{"start":{"line":280,"column":20},"end":{"line":281,"column":40},"skip":true},{"start":{"line":282,"column":20},"end":{"line":283,"column":39},"skip":true}]},"20":{"line":288,"type":"if","locations":[{"start":{"line":288,"column":8},"end":{"line":288,"column":8},"skip":true},{"start":{"line":288,"column":8},"end":{"line":288,"column":8},"skip":true}]},"21":{"line":288,"type":"binary-expr","locations":[{"start":{"line":288,"column":12},"end":{"line":288,"column":40},"skip":true},{"start":{"line":288,"column":44},"end":{"line":288,"column":67},"skip":true}]},"22":{"line":292,"type":"binary-expr","locations":[{"start":{"line":292,"column":12},"end":{"line":292,"column":50},"skip":true},{"start":{"line":293,"column":12},"end":{"line":293,"column":53},"skip":true}]},"23":{"line":297,"type":"binary-expr","locations":[{"start":{"line":297,"column":12},"end":{"line":297,"column":70},"skip":true},{"start":{"line":298,"column":12},"end":{"line":301,"column":36},"skip":true}]},"24":{"line":303,"type":"binary-expr","locations":[{"start":{"line":303,"column":43},"end":{"line":303,"column":75},"skip":true},{"start":{"line":303,"column":79},"end":{"line":303,"column":81},"skip":true}]},"25":{"line":306,"type":"if","locations":[{"start":{"line":306,"column":8},"end":{"line":306,"column":8},"skip":true},{"start":{"line":306,"column":8},"end":{"line":306,"column":8},"skip":true}]},"26":{"line":310,"type":"if","locations":[{"start":{"line":310,"column":8},"end":{"line":310,"column":8},"skip":true},{"start":{"line":310,"column":8},"end":{"line":310,"column":8},"skip":true}]},"27":{"line":313,"type":"binary-expr","locations":[{"start":{"line":313,"column":27},"end":{"line":313,"column":43},"skip":true},{"start":{"line":313,"column":47},"end":{"line":313,"column":53},"skip":true}]},"28":{"line":317,"type":"if","locations":[{"start":{"line":317,"column":12},"end":{"line":317,"column":12},"skip":true},{"start":{"line":317,"column":12},"end":{"line":317,"column":12},"skip":true}]}},"code":["/*","example.js","","quickstart example","","instruction","    1. save this script as example.js","    2. run the shell command:","        $ npm install npmtest-html-to-text && PORT=8081 node example.js","    3. play with the browser-demo on http://127.0.0.1:8081","*/","","","","/* istanbul instrument in package npmtest_html_to_text */","/*jslint","    bitwise: true,","    browser: true,","    maxerr: 8,","    maxlen: 96,","    node: true,","    nomen: true,","    regexp: true,","    stupid: true","*/","(function () {","    'use strict';","    var local;","","","","    // run shared js-env code - pre-init","    (function () {","        // init local","        local = {};","        // init modeJs","        local.modeJs = (function () {","            try {","                return typeof navigator.userAgent === 'string' &&","                    typeof document.querySelector('body') === 'object' &&","                    typeof XMLHttpRequest.prototype.open === 'function' &&","                    'browser';","            } catch (errorCaughtBrowser) {","                return module.exports &&","                    typeof process.versions.node === 'string' &&","                    typeof require('http').createServer === 'function' &&","                    'node';","            }","        }());","        // init global","        local.global = local.modeJs === 'browser'","            ? window","            : global;","        // init utility2_rollup","        local = local.global.utility2_rollup || (local.modeJs === 'browser'","            ? local.global.utility2_npmtest_html_to_text","            : global.utility2_moduleExports);","        // export local","        local.global.local = local;","    }());","    switch (local.modeJs) {","","","","    // post-init","    // run browser js-env code - post-init","    /* istanbul ignore next */","    case 'browser':","        local.testRunBrowser = function (event) {","            if (!event || (event &&","                    event.currentTarget &&","                    event.currentTarget.className &&","                    event.currentTarget.className.includes &&","                    event.currentTarget.className.includes('onreset'))) {","                // reset output","                Array.from(","                    document.querySelectorAll('body > .resettable')","                ).forEach(function (element) {","                    switch (element.tagName) {","                    case 'INPUT':","                    case 'TEXTAREA':","                        element.value = '';","                        break;","                    default:","                        element.textContent = '';","                    }","                });","            }","            switch (event && event.currentTarget && event.currentTarget.id) {","            case 'testRunButton1':","                // show tests","                if (document.querySelector('#testReportDiv1').style.display === 'none') {","                    document.querySelector('#testReportDiv1').style.display = 'block';","                    document.querySelector('#testRunButton1').textContent =","                        'hide internal test';","                    local.modeTest = true;","                    local.testRunDefault(local);","                // hide tests","                } else {","                    document.querySelector('#testReportDiv1').style.display = 'none';","                    document.querySelector('#testRunButton1').textContent = 'run internal test';","                }","                break;","            // custom-case","            default:","                break;","            }","            if (document.querySelector('#inputTextareaEval1') && (!event || (event &&","                    event.currentTarget &&","                    event.currentTarget.className &&","                    event.currentTarget.className.includes &&","                    event.currentTarget.className.includes('oneval')))) {","                // try to eval input-code","                try {","                    /*jslint evil: true*/","                    eval(document.querySelector('#inputTextareaEval1').value);","                } catch (errorCaught) {","                    console.error(errorCaught);","                }","            }","        };","        // log stderr and stdout to #outputTextareaStdout1","        ['error', 'log'].forEach(function (key) {","            console[key + '_original'] = console[key];","            console[key] = function () {","                var element;","                console[key + '_original'].apply(console, arguments);","                element = document.querySelector('#outputTextareaStdout1');","                if (!element) {","                    return;","                }","                // append text to #outputTextareaStdout1","                element.value += Array.from(arguments).map(function (arg) {","                    return typeof arg === 'string'","                        ? arg","                        : JSON.stringify(arg, null, 4);","                }).join(' ') + '\\n';","                // scroll textarea to bottom","                element.scrollTop = element.scrollHeight;","            };","        });","        // init event-handling","        ['change', 'click', 'keyup'].forEach(function (event) {","            Array.from(document.querySelectorAll('.on' + event)).forEach(function (element) {","                element.addEventListener(event, local.testRunBrowser);","            });","        });","        // run tests","        local.testRunBrowser();","        break;","","","","    // run node js-env code - post-init","    /* istanbul ignore next */","    case 'node':","        // export local","        module.exports = local;","        // require modules","        local.fs = require('fs');","        local.http = require('http');","        local.url = require('url');","        // init assets","        local.assetsDict = local.assetsDict || {};","        /* jslint-ignore-begin */","        local.assetsDict['/assets.index.template.html'] = '\\","<!doctype html>\\n\\","<html lang=\"en\">\\n\\","<head>\\n\\","<meta charset=\"UTF-8\">\\n\\","<meta name=\"viewport\" content=\"width=device-width, initial-scale=1\">\\n\\","<title>{{env.npm_package_name}} (v{{env.npm_package_version}})</title>\\n\\","<style>\\n\\","/*csslint\\n\\","    box-sizing: false,\\n\\","    universal-selector: false\\n\\","*/\\n\\","* {\\n\\","    box-sizing: border-box;\\n\\","}\\n\\","body {\\n\\","    background: #dde;\\n\\","    font-family: Arial, Helvetica, sans-serif;\\n\\","    margin: 2rem;\\n\\","}\\n\\","body > * {\\n\\","    margin-bottom: 1rem;\\n\\","}\\n\\",".utility2FooterDiv {\\n\\","    margin-top: 20px;\\n\\","    text-align: center;\\n\\","}\\n\\","</style>\\n\\","<style>\\n\\","/*csslint\\n\\","*/\\n\\","textarea {\\n\\","    font-family: monospace;\\n\\","    height: 10rem;\\n\\","    width: 100%;\\n\\","}\\n\\","textarea[readonly] {\\n\\","    background: #ddd;\\n\\","}\\n\\","</style>\\n\\","</head>\\n\\","<body>\\n\\","<!-- utility2-comment\\n\\","<div id=\"ajaxProgressDiv1\" style=\"background: #d00; height: 2px; left: 0; margin: 0; padding: 0; position: fixed; top: 0; transition: background 0.5s, width 1.5s; width: 25%;\"></div>\\n\\","utility2-comment -->\\n\\","<h1>\\n\\","<!-- utility2-comment\\n\\","    <a\\n\\","        {{#if env.npm_package_homepage}}\\n\\","        href=\"{{env.npm_package_homepage}}\"\\n\\","        {{/if env.npm_package_homepage}}\\n\\","        target=\"_blank\"\\n\\","    >\\n\\","utility2-comment -->\\n\\","        {{env.npm_package_name}} (v{{env.npm_package_version}})\\n\\","<!-- utility2-comment\\n\\","    </a>\\n\\","utility2-comment -->\\n\\","</h1>\\n\\","<h3>{{env.npm_package_description}}</h3>\\n\\","<!-- utility2-comment\\n\\","<h4><a download href=\"assets.app.js\">download standalone app</a></h4>\\n\\","<button class=\"onclick onreset\" id=\"testRunButton1\">run internal test</button><br>\\n\\","<div id=\"testReportDiv1\" style=\"display: none;\"></div>\\n\\","utility2-comment -->\\n\\","\\n\\","\\n\\","\\n\\","<label>stderr and stdout</label>\\n\\","<textarea class=\"resettable\" id=\"outputTextareaStdout1\" readonly></textarea>\\n\\","<!-- utility2-comment\\n\\","{{#if isRollup}}\\n\\","<script src=\"assets.app.js\"></script>\\n\\","{{#unless isRollup}}\\n\\","utility2-comment -->\\n\\","<script src=\"assets.utility2.rollup.js\"></script>\\n\\","<script src=\"jsonp.utility2._stateInit?callback=window.utility2._stateInit\"></script>\\n\\","<script src=\"assets.npmtest_html_to_text.rollup.js\"></script>\\n\\","<script src=\"assets.example.js\"></script>\\n\\","<script src=\"assets.test.js\"></script>\\n\\","<!-- utility2-comment\\n\\","{{/if isRollup}}\\n\\","utility2-comment -->\\n\\","<div class=\"utility2FooterDiv\">\\n\\","    [ this app was created with\\n\\","    <a href=\"https://github.com/kaizhu256/node-utility2\" target=\"_blank\">utility2</a>\\n\\","    ]\\n\\","</div>\\n\\","</body>\\n\\","</html>\\n\\","';","        /* jslint-ignore-end */","        if (local.templateRender) {","            local.assetsDict['/'] = local.templateRender(","                local.assetsDict['/assets.index.template.html'],","                {","                    env: local.objectSetDefault(local.env, {","                        npm_package_description: 'the greatest app in the world!',","                        npm_package_name: 'my-app',","                        npm_package_nameAlias: 'my_app',","                        npm_package_version: '0.0.1'","                    })","                }","            );","        } else {","            local.assetsDict['/'] = local.assetsDict['/assets.index.template.html']","                .replace((/\\{\\{env\\.(\\w+?)\\}\\}/g), function (match0, match1) {","                    // jslint-hack","                    String(match0);","                    switch (match1) {","                    case 'npm_package_description':","                        return 'the greatest app in the world!';","                    case 'npm_package_name':","                        return 'my-app';","                    case 'npm_package_nameAlias':","                        return 'my_app';","                    case 'npm_package_version':","                        return '0.0.1';","                    }","                });","        }","        // run the cli","        if (local.global.utility2_rollup || module !== require.main) {","            break;","        }","        local.assetsDict['/assets.example.js'] =","            local.assetsDict['/assets.example.js'] ||","            local.fs.readFileSync(__filename, 'utf8');","        // bug-workaround - long $npm_package_buildCustomOrg","        /* jslint-ignore-begin */","        local.assetsDict['/assets.npmtest_html_to_text.rollup.js'] =","            local.assetsDict['/assets.npmtest_html_to_text.rollup.js'] ||","            local.fs.readFileSync(","                local.npmtest_html_to_text.__dirname + '/lib.npmtest_html_to_text.js',","                'utf8'","            ).replace((/^#!/), '//');","        /* jslint-ignore-end */","        local.assetsDict['/favicon.ico'] = local.assetsDict['/favicon.ico'] || '';","        // if $npm_config_timeout_exit exists,","        // then exit this process after $npm_config_timeout_exit ms","        if (Number(process.env.npm_config_timeout_exit)) {","            setTimeout(process.exit, Number(process.env.npm_config_timeout_exit));","        }","        // start server","        if (local.global.utility2_serverHttp1) {","            break;","        }","        process.env.PORT = process.env.PORT || '8081';","        console.error('server starting on port ' + process.env.PORT);","        local.http.createServer(function (request, response) {","            request.urlParsed = local.url.parse(request.url);","            if (local.assetsDict[request.urlParsed.pathname] !== undefined) {","                response.end(local.assetsDict[request.urlParsed.pathname]);","                return;","            }","            response.statusCode = 404;","            response.end();","        }).listen(process.env.PORT);","        break;","    }","}());",""],"l":{"26":2,"28":2,"33":2,"35":2,"37":2,"38":2,"39":2,"44":1,"51":2,"55":2,"59":2,"61":2,"69":1,"70":2,"76":2,"79":2,"82":2,"83":2,"85":1,"89":2,"92":1,"93":1,"94":1,"96":1,"97":1,"100":1,"101":1,"103":1,"106":1,"108":2,"114":1,"116":1,"118":1,"123":1,"124":2,"125":2,"126":3,"127":3,"128":3,"129":3,"130":1,"133":3,"134":3,"139":3,"143":1,"144":3,"145":1,"149":1,"150":1,"158":1,"160":1,"161":1,"162":1,"164":1,"166":1,"258":1,"259":1,"271":1,"274":6,"275":6,"277":1,"279":2,"281":1,"283":2,"288":1,"289":1,"291":1,"296":1,"303":1,"306":1,"307":1,"310":1,"311":1,"313":1,"314":1,"315":1,"316":1,"317":1,"318":1,"319":1,"321":1,"322":1,"324":1}},"/home/travis/build/npmtest/node-npmtest-html-to-text/node_modules/html-to-text/index.js":{"path":"/home/travis/build/npmtest/node-npmtest-html-to-text/node_modules/html-to-text/index.js","s":{"1":1},"b":{},"f":{},"fnMap":{},"statementMap":{"1":{"start":{"line":1,"column":0},"end":{"line":1,"column":47}}},"branchMap":{},"code":["module.exports = require('./lib/html-to-text');"],"l":{"1":1}},"/home/travis/build/npmtest/node-npmtest-html-to-text/node_modules/html-to-text/lib/html-to-text.js":{"path":"/home/travis/build/npmtest/node-npmtest-html-to-text/node_modules/html-to-text/lib/html-to-text.js","s":{"1":1,"2":1,"3":1,"4":1,"5":1,"6":1,"7":1,"8":1,"9":1,"10":0,"11":0,"12":0,"13":0,"14":0,"15":0,"16":0,"17":0,"18":0,"19":0,"20":1,"21":0,"22":0,"23":1,"24":0,"25":0,"26":0,"27":0,"28":0,"29":0,"30":0,"31":0,"32":0,"33":0,"34":0,"35":0,"36":0,"37":0,"38":0,"39":0,"40":0,"41":1,"42":0,"43":0,"44":1,"45":0,"46":1,"47":0,"48":0,"49":1,"50":0,"51":0,"52":0,"53":0,"54":1,"55":0,"56":0,"57":0,"58":0,"59":0,"60":0,"61":0,"62":0,"63":0,"64":0,"65":0,"66":0,"67":0,"68":0,"69":0,"70":0,"71":0,"72":0,"73":0,"74":0,"75":0,"76":0,"77":0,"78":0,"79":0,"80":0,"81":0,"82":0,"83":0,"84":0,"85":0,"86":0,"87":0,"88":0,"89":0,"90":0,"91":0,"92":0,"93":0,"94":1,"95":0,"96":0,"97":0,"98":0,"99":0,"100":0,"101":0,"102":1,"103":0},"b":{"1":[0,0],"2":[0,0],"3":[0,0],"4":[0,0],"5":[0,0],"6":[0,0],"7":[0,0],"8":[0,0],"9":[0,0],"10":[0,0],"11":[0,0],"12":[0,0],"13":[0,0],"14":[0,0],"15":[0,0],"16":[0,0,0],"17":[0,0],"18":[0,0,0],"19":[0,0,0,0,0,0,0,0,0,0,0,0,0,0,0,0],"20":[0,0],"21":[0,0],"22":[0,0],"23":[0,0],"24":[0,0],"25":[0,0],"26":[0,0],"27":[0,0],"28":[0,0]},"f":{"1":0,"2":0,"3":0,"4":0,"5":0,"6":0,"7":0,"8":0,"9":0,"10":0,"11":0,"12":0,"13":0,"14":0,"15":0,"16":0,"17":0},"fnMap":{"1":{"name":"htmlToText","line":17,"loc":{"start":{"line":17,"column":0},"end":{"line":17,"column":35}}},"2":{"name":"(anonymous_2)","line":40,"loc":{"start":{"line":40,"column":46},"end":{"line":40,"column":68}}},"3":{"name":"filterBody","line":57,"loc":{"start":{"line":57,"column":0},"end":{"line":57,"column":47}}},"4":{"name":"walk","line":62,"loc":{"start":{"line":62,"column":2},"end":{"line":62,"column":21}}},"5":{"name":"(anonymous_5)","line":64,"loc":{"start":{"line":64,"column":16},"end":{"line":64,"column":31}}},"6":{"name":"(anonymous_6)","line":70,"loc":{"start":{"line":70,"column":36},"end":{"line":70,"column":51}}},"7":{"name":"(anonymous_7)","line":71,"loc":{"start":{"line":71,"column":30},"end":{"line":71,"column":45}}},"8":{"name":"containsTable","line":83,"loc":{"start":{"line":83,"column":0},"end":{"line":83,"column":37}}},"9":{"name":"removePrefix","line":86,"loc":{"start":{"line":86,"column":2},"end":{"line":86,"column":29}}},"10":{"name":"checkPrefix","line":89,"loc":{"start":{"line":89,"column":2},"end":{"line":89,"column":31}}},"11":{"name":"(anonymous_11)","line":90,"loc":{"start":{"line":90,"column":11},"end":{"line":90,"column":25}}},"12":{"name":"filterByPrefix","line":94,"loc":{"start":{"line":94,"column":2},"end":{"line":94,"column":42}}},"13":{"name":"walk","line":105,"loc":{"start":{"line":105,"column":0},"end":{"line":105,"column":36}}},"14":{"name":"(anonymous_14)","line":110,"loc":{"start":{"line":110,"column":14},"end":{"line":110,"column":29}}},"15":{"name":"(anonymous_15)","line":179,"loc":{"start":{"line":179,"column":19},"end":{"line":179,"column":53}}},"16":{"name":"(anonymous_16)","line":184,"loc":{"start":{"line":184,"column":28},"end":{"line":184,"column":48}}},"17":{"name":"(anonymous_17)","line":190,"loc":{"start":{"line":190,"column":21},"end":{"line":190,"column":44}}}},"statementMap":{"1":{"start":{"line":1,"column":0},"end":{"line":1,"column":23}},"2":{"start":{"line":2,"column":0},"end":{"line":2,"column":27}},"3":{"start":{"line":4,"column":0},"end":{"line":4,"column":30}},"4":{"start":{"line":5,"column":0},"end":{"line":5,"column":38}},"5":{"start":{"line":6,"column":0},"end":{"line":6,"column":40}},"6":{"start":{"line":8,"column":0},"end":{"line":8,"column":33}},"7":{"start":{"line":9,"column":0},"end":{"line":9,"column":36}},"8":{"start":{"line":12,"column":0},"end":{"line":15,"column":2}},"9":{"start":{"line":17,"column":0},"end":{"line":55,"column":1}},"10":{"start":{"line":18,"column":2},"end":{"line":18,"column":26}},"11":{"start":{"line":19,"column":2},"end":{"line":38,"column":5}},"12":{"start":{"line":40,"column":2},"end":{"line":44,"column":5}},"13":{"start":{"line":45,"column":2},"end":{"line":45,"column":53}},"14":{"start":{"line":47,"column":2},"end":{"line":47,"column":28}},"15":{"start":{"line":49,"column":2},"end":{"line":49,"column":18}},"16":{"start":{"line":50,"column":2},"end":{"line":50,"column":102}},"17":{"start":{"line":51,"column":2},"end":{"line":53,"column":3}},"18":{"start":{"line":52,"column":4},"end":{"line":52,"column":81}},"19":{"start":{"line":54,"column":2},"end":{"line":54,"column":26}},"20":{"start":{"line":57,"column":0},"end":{"line":81,"column":1}},"21":{"start":{"line":58,"column":2},"end":{"line":58,"column":20}},"22":{"start":{"line":60,"column":2},"end":{"line":60,"column":55}},"23":{"start":{"line":62,"column":2},"end":{"line":78,"column":3}},"24":{"start":{"line":63,"column":4},"end":{"line":63,"column":23}},"25":{"start":{"line":63,"column":16},"end":{"line":63,"column":23}},"26":{"start":{"line":64,"column":4},"end":{"line":77,"column":7}},"27":{"start":{"line":65,"column":6},"end":{"line":65,"column":25}},"28":{"start":{"line":65,"column":18},"end":{"line":65,"column":25}},"29":{"start":{"line":66,"column":6},"end":{"line":75,"column":7}},"30":{"start":{"line":67,"column":8},"end":{"line":67,"column":102}},"31":{"start":{"line":68,"column":8},"end":{"line":68,"column":92}},"32":{"start":{"line":70,"column":8},"end":{"line":74,"column":9}},"33":{"start":{"line":70,"column":53},"end":{"line":70,"column":94}},"34":{"start":{"line":71,"column":47},"end":{"line":71,"column":84}},"35":{"start":{"line":72,"column":10},"end":{"line":72,"column":26}},"36":{"start":{"line":73,"column":10},"end":{"line":73,"column":17}},"37":{"start":{"line":76,"column":6},"end":{"line":76,"column":45}},"38":{"start":{"line":76,"column":25},"end":{"line":76,"column":45}},"39":{"start":{"line":79,"column":2},"end":{"line":79,"column":12}},"40":{"start":{"line":80,"column":2},"end":{"line":80,"column":61}},"41":{"start":{"line":83,"column":0},"end":{"line":103,"column":1}},"42":{"start":{"line":84,"column":2},"end":{"line":84,"column":35}},"43":{"start":{"line":84,"column":23},"end":{"line":84,"column":35}},"44":{"start":{"line":86,"column":2},"end":{"line":88,"column":3}},"45":{"start":{"line":87,"column":4},"end":{"line":87,"column":25}},"46":{"start":{"line":89,"column":2},"end":{"line":93,"column":3}},"47":{"start":{"line":90,"column":4},"end":{"line":92,"column":6}},"48":{"start":{"line":91,"column":6},"end":{"line":91,"column":40}},"49":{"start":{"line":94,"column":2},"end":{"line":99,"column":3}},"50":{"start":{"line":95,"column":4},"end":{"line":98,"column":15}},"51":{"start":{"line":100,"column":2},"end":{"line":100,"column":44}},"52":{"start":{"line":101,"column":2},"end":{"line":101,"column":40}},"53":{"start":{"line":102,"column":2},"end":{"line":102,"column":83}},"54":{"start":{"line":105,"column":0},"end":{"line":177,"column":1}},"55":{"start":{"line":106,"column":2},"end":{"line":108,"column":3}},"56":{"start":{"line":107,"column":4},"end":{"line":107,"column":16}},"57":{"start":{"line":109,"column":2},"end":{"line":109,"column":30}},"58":{"start":{"line":110,"column":2},"end":{"line":175,"column":5}},"59":{"start":{"line":111,"column":4},"end":{"line":172,"column":5}},"60":{"start":{"line":113,"column":8},"end":{"line":158,"column":9}},"61":{"start":{"line":115,"column":12},"end":{"line":115,"column":50}},"62":{"start":{"line":116,"column":12},"end":{"line":116,"column":18}},"63":{"start":{"line":120,"column":12},"end":{"line":120,"column":65}},"64":{"start":{"line":121,"column":12},"end":{"line":121,"column":57}},"65":{"start":{"line":122,"column":12},"end":{"line":122,"column":18}},"66":{"start":{"line":124,"column":12},"end":{"line":124,"column":60}},"67":{"start":{"line":125,"column":12},"end":{"line":125,"column":18}},"68":{"start":{"line":132,"column":12},"end":{"line":132,"column":58}},"69":{"start":{"line":133,"column":12},"end":{"line":133,"column":18}},"70":{"start":{"line":135,"column":12},"end":{"line":135,"column":60}},"71":{"start":{"line":136,"column":12},"end":{"line":136,"column":18}},"72":{"start":{"line":138,"column":12},"end":{"line":138,"column":65}},"73":{"start":{"line":139,"column":12},"end":{"line":139,"column":18}},"74":{"start":{"line":141,"column":12},"end":{"line":141,"column":64}},"75":{"start":{"line":142,"column":12},"end":{"line":142,"column":18}},"76":{"start":{"line":144,"column":12},"end":{"line":144,"column":62}},"77":{"start":{"line":145,"column":12},"end":{"line":145,"column":18}},"78":{"start":{"line":147,"column":12},"end":{"line":147,"column":48}},"79":{"start":{"line":148,"column":12},"end":{"line":148,"column":38}},"80":{"start":{"line":149,"column":12},"end":{"line":149,"column":63}},"81":{"start":{"line":150,"column":12},"end":{"line":150,"column":18}},"82":{"start":{"line":152,"column":12},"end":{"line":154,"column":59}},"83":{"start":{"line":155,"column":12},"end":{"line":155,"column":18}},"84":{"start":{"line":157,"column":12},"end":{"line":157,"column":64}},"85":{"start":{"line":159,"column":8},"end":{"line":159,"column":14}},"86":{"start":{"line":161,"column":8},"end":{"line":166,"column":9}},"87":{"start":{"line":164,"column":10},"end":{"line":164,"column":63}},"88":{"start":{"line":165,"column":10},"end":{"line":165,"column":47}},"89":{"start":{"line":167,"column":8},"end":{"line":167,"column":14}},"90":{"start":{"line":169,"column":8},"end":{"line":171,"column":9}},"91":{"start":{"line":170,"column":10},"end":{"line":170,"column":62}},"92":{"start":{"line":174,"column":4},"end":{"line":174,"column":75}},"93":{"start":{"line":176,"column":2},"end":{"line":176,"column":16}},"94":{"start":{"line":179,"column":0},"end":{"line":188,"column":2}},"95":{"start":{"line":180,"column":2},"end":{"line":183,"column":3}},"96":{"start":{"line":181,"column":4},"end":{"line":181,"column":23}},"97":{"start":{"line":182,"column":4},"end":{"line":182,"column":17}},"98":{"start":{"line":184,"column":2},"end":{"line":187,"column":5}},"99":{"start":{"line":185,"column":4},"end":{"line":185,"column":34}},"100":{"start":{"line":185,"column":13},"end":{"line":185,"column":34}},"101":{"start":{"line":186,"column":4},"end":{"line":186,"column":52}},"102":{"start":{"line":190,"column":0},"end":{"line":192,"column":2}},"103":{"start":{"line":191,"column":2},"end":{"line":191,"column":40}}},"branchMap":{"1":{"line":18,"type":"binary-expr","locations":[{"start":{"line":18,"column":12},"end":{"line":18,"column":19}},{"start":{"line":18,"column":23},"end":{"line":18,"column":25}}]},"2":{"line":50,"type":"cond-expr","locations":[{"start":{"line":50,"column":58},"end":{"line":50,"column":77}},{"start":{"line":50,"column":80},"end":{"line":50,"column":101}}]},"3":{"line":63,"type":"if","locations":[{"start":{"line":63,"column":4},"end":{"line":63,"column":4}},{"start":{"line":63,"column":4},"end":{"line":63,"column":4}}]},"4":{"line":65,"type":"if","locations":[{"start":{"line":65,"column":6},"end":{"line":65,"column":6}},{"start":{"line":65,"column":6},"end":{"line":65,"column":6}}]},"5":{"line":66,"type":"if","locations":[{"start":{"line":66,"column":6},"end":{"line":66,"column":6}},{"start":{"line":66,"column":6},"end":{"line":66,"column":6}}]},"6":{"line":67,"type":"cond-expr","locations":[{"start":{"line":67,"column":67},"end":{"line":67,"column":96}},{"start":{"line":67,"column":99},"end":{"line":67,"column":101}}]},"7":{"line":67,"type":"binary-expr","locations":[{"start":{"line":67,"column":30},"end":{"line":67,"column":42}},{"start":{"line":67,"column":46},"end":{"line":67,"column":64}}]},"8":{"line":68,"type":"cond-expr","locations":[{"start":{"line":68,"column":60},"end":{"line":68,"column":86}},{"start":{"line":68,"column":89},"end":{"line":68,"column":91}}]},"9":{"line":68,"type":"binary-expr","locations":[{"start":{"line":68,"column":26},"end":{"line":68,"column":38}},{"start":{"line":68,"column":42},"end":{"line":68,"column":57}}]},"10":{"line":70,"type":"if","locations":[{"start":{"line":70,"column":8},"end":{"line":70,"column":8}},{"start":{"line":70,"column":8},"end":{"line":70,"column":8}}]},"11":{"line":70,"type":"binary-expr","locations":[{"start":{"line":70,"column":13},"end":{"line":70,"column":96}},{"start":{"line":71,"column":11},"end":{"line":71,"column":86}}]},"12":{"line":76,"type":"if","locations":[{"start":{"line":76,"column":6},"end":{"line":76,"column":6}},{"start":{"line":76,"column":6},"end":{"line":76,"column":6}}]},"13":{"line":80,"type":"cond-expr","locations":[{"start":{"line":80,"column":38},"end":{"line":80,"column":51}},{"start":{"line":80,"column":54},"end":{"line":80,"column":60}}]},"14":{"line":80,"type":"binary-expr","locations":[{"start":{"line":80,"column":38},"end":{"line":80,"column":44}},{"start":{"line":80,"column":48},"end":{"line":80,"column":51}}]},"15":{"line":84,"type":"if","locations":[{"start":{"line":84,"column":2},"end":{"line":84,"column":2}},{"start":{"line":84,"column":2},"end":{"line":84,"column":2}}]},"16":{"line":102,"type":"binary-expr","locations":[{"start":{"line":102,"column":9},"end":{"line":102,"column":13}},{"start":{"line":102,"column":18},"end":{"line":102,"column":51}},{"start":{"line":102,"column":55},"end":{"line":102,"column":81}}]},"17":{"line":106,"type":"if","locations":[{"start":{"line":106,"column":2},"end":{"line":106,"column":2}},{"start":{"line":106,"column":2},"end":{"line":106,"column":2}}]},"18":{"line":111,"type":"switch","locations":[{"start":{"line":112,"column":6},"end":{"line":159,"column":14}},{"start":{"line":160,"column":6},"end":{"line":167,"column":14}},{"start":{"line":168,"column":6},"end":{"line":171,"column":9}}]},"19":{"line":113,"type":"switch","locations":[{"start":{"line":114,"column":10},"end":{"line":116,"column":18}},{"start":{"line":117,"column":10},"end":{"line":122,"column":18}},{"start":{"line":123,"column":10},"end":{"line":125,"column":18}},{"start":{"line":126,"column":10},"end":{"line":126,"column":20}},{"start":{"line":127,"column":10},"end":{"line":127,"column":20}},{"start":{"line":128,"column":10},"end":{"line":128,"column":20}},{"start":{"line":129,"column":10},"end":{"line":129,"column":20}},{"start":{"line":130,"column":10},"end":{"line":130,"column":20}},{"start":{"line":131,"column":10},"end":{"line":133,"column":18}},{"start":{"line":134,"column":10},"end":{"line":136,"column":18}},{"start":{"line":137,"column":10},"end":{"line":139,"column":18}},{"start":{"line":140,"column":10},"end":{"line":142,"column":18}},{"start":{"line":143,"column":10},"end":{"line":145,"column":18}},{"start":{"line":146,"column":10},"end":{"line":150,"column":18}},{"start":{"line":151,"column":10},"end":{"line":155,"column":18}},{"start":{"line":156,"column":10},"end":{"line":157,"column":64}}]},"20":{"line":152,"type":"cond-expr","locations":[{"start":{"line":153,"column":16},"end":{"line":153,"column":58}},{"start":{"line":154,"column":16},"end":{"line":154,"column":58}}]},"21":{"line":154,"type":"binary-expr","locations":[{"start":{"line":154,"column":21},"end":{"line":154,"column":34}},{"start":{"line":154,"column":38},"end":{"line":154,"column":40}}]},"22":{"line":157,"type":"binary-expr","locations":[{"start":{"line":157,"column":26},"end":{"line":157,"column":39}},{"start":{"line":157,"column":43},"end":{"line":157,"column":45}}]},"23":{"line":161,"type":"if","locations":[{"start":{"line":161,"column":8},"end":{"line":161,"column":8}},{"start":{"line":161,"column":8},"end":{"line":161,"column":8}}]},"24":{"line":169,"type":"if","locations":[{"start":{"line":169,"column":8},"end":{"line":169,"column":8}},{"start":{"line":169,"column":8},"end":{"line":169,"column":8}}]},"25":{"line":170,"type":"binary-expr","locations":[{"start":{"line":170,"column":24},"end":{"line":170,"column":37}},{"start":{"line":170,"column":41},"end":{"line":170,"column":43}}]},"26":{"line":180,"type":"if","locations":[{"start":{"line":180,"column":2},"end":{"line":180,"column":2}},{"start":{"line":180,"column":2},"end":{"line":180,"column":2}}]},"27":{"line":185,"type":"if","locations":[{"start":{"line":185,"column":4},"end":{"line":185,"column":4}},{"start":{"line":185,"column":4},"end":{"line":185,"column":4}}]},"28":{"line":191,"type":"binary-expr","locations":[{"start":{"line":191,"column":25},"end":{"line":191,"column":32}},{"start":{"line":191,"column":36},"end":{"line":191,"column":38}}]}},"code":["var fs = require('fs');","var util = require('util');","","var _ = require('underscore');","var _s = require('underscore.string');","var htmlparser = require('htmlparser2');","","var helper = require('./helper');","var format = require('./formatter');","","// Which type of tags should not be parsed","var SKIP_TYPES = [","  'style',","  'script'","];","","function htmlToText(html, options) {","  options = options || {};","  _.defaults(options, {","    wordwrap: 80,","    tables: [],","    preserveNewlines: false,","    uppercaseHeadings: true,","    singleNewLineParagraphs: false,","    hideLinkHrefIfSameAsText: false,","    linkHrefBaseUrl: null,","    noLinkBrackets: false,","    baseElement: 'body',","    returnDomByDefault: true,","    decodeOptions: {","      isAttributeValue: false,","      strict: false","    },","    longWordSplit: {","      wrapCharacters: [],","      forceWrapOnLimit: false","    }","  });","","  var handler = new htmlparser.DefaultHandler(function (error, dom) {","","  }, {","    verbose: true","  });","  new htmlparser.Parser(handler).parseComplete(html);","","  options.lineCharCount = 0;","","  var result = '';","  var baseElements = Array.isArray(options.baseElement) ? options.baseElement : [options.baseElement];","  for (var idx = 0; idx < baseElements.length; ++idx) {","    result += walk(filterBody(handler.dom, options, baseElements[idx]), options);","  }","  return _s.strip(result);","}","","function filterBody(dom, options, baseElement) {","  var result = null;","","  var splitTag = helper.splitCssSearchTag(baseElement);","","  function walk(dom) {","    if (result) return;","    _.each(dom, function(elem) {","      if (result) return;","      if (elem.name === splitTag.element) {","        var documentClasses = elem.attribs && elem.attribs.class ? elem.attribs.class.split(\" \") : [];","        var documentIds = elem.attribs && elem.attribs.id ? elem.attribs.id.split(\" \") : [];","","        if ((splitTag.classes.every(function (val) { return documentClasses.indexOf(val) >= 0 })) &&","          (splitTag.ids.every(function (val) { return documentIds.indexOf(val) >= 0 }))) {","          result = [elem];","          return;","        }","      }","      if (elem.children) walk(elem.children);","    });","  }","  walk(dom);","  return options.returnDomByDefault ? result || dom : result;","}","","function containsTable(attr, tables) {","  if (tables === true) return true;","","  function removePrefix(key) {","    return key.substr(1);","  }","  function checkPrefix(prefix) {","    return function(key) {","      return _s.startsWith(key, prefix);","    };","  }","  function filterByPrefix(tables, prefix) {","    return _(tables).chain()","      .filter(checkPrefix(prefix))","      .map(removePrefix)","      .value();","  }","  var classes = filterByPrefix(tables, '.');","  var ids = filterByPrefix(tables, '#');","  return attr && (_.include(classes, attr['class']) || _.include(ids, attr['id']));","}","","function walk(dom, options, result) {","  if (arguments.length < 3) {","    result = '';","  }","  var whiteSpaceRegex = /\\s$/;","  _.each(dom, function(elem) {","    switch(elem.type) {","      case 'tag':","        switch(elem.name.toLowerCase()) {","          case 'img':","            result += format.image(elem, options);","            break;","          case 'a':","            // Inline element needs its leading space to be trimmed if `result`","            // currently ends with whitespace","            elem.trimLeadingSpace = whiteSpaceRegex.test(result);","            result += format.anchor(elem, walk, options);","            break;","          case 'p':","            result += format.paragraph(elem, walk, options);","            break;","          case 'h1':","          case 'h2':","          case 'h3':","          case 'h4':","          case 'h5':","          case 'h6':","            result += format.heading(elem, walk, options);","            break;","          case 'br':","            result += format.lineBreak(elem, walk, options);","            break;","          case 'hr':","            result += format.horizontalLine(elem, walk, options);","            break;","          case 'ul':","            result += format.unorderedList(elem, walk, options);","            break;","          case 'ol':","            result += format.orderedList(elem, walk, options);","            break;","          case 'pre':","            var newOptions = _(options).clone();","            newOptions.isInPre = true;","            result += format.paragraph(elem, walk, newOptions);","            break;","          case 'table':","            result = containsTable(elem.attribs, options.tables)","              ? result + format.table(elem, walk, options)","              : walk(elem.children || [], options, result);","            break;","          default:","            result = walk(elem.children || [], options, result);","        }","        break;","      case 'text':","        if (elem.data !== '\\r\\n') {","          // Text needs its leading space to be trimmed if `result`","          // currently ends with whitespace","          elem.trimLeadingSpace = whiteSpaceRegex.test(result);","          result += format.text(elem, options);","        }","        break;","      default:","        if (!_.include(SKIP_TYPES, elem.type)) {","          result = walk(elem.children || [], options, result);","        }","    }","","    options.lineCharCount = result.length - (result.lastIndexOf('\\n') + 1);","  });","  return result;","}","","exports.fromFile = function(file, options, callback) {","  if (!callback) {","    callback = options;","    options = {};","  }","  fs.readFile(file, 'utf8', function (err, str) {","    if (err) return callback(err);","    return callback(null, htmlToText(str, options));","  });","};","","exports.fromString = function(str, options) {","  return htmlToText(str, options || {});","};",""],"l":{"1":1,"2":1,"4":1,"5":1,"6":1,"8":1,"9":1,"12":1,"17":1,"18":0,"19":0,"40":0,"45":0,"47":0,"49":0,"50":0,"51":0,"52":0,"54":0,"57":1,"58":0,"60":0,"62":1,"63":0,"64":0,"65":0,"66":0,"67":0,"68":0,"70":0,"71":0,"72":0,"73":0,"76":0,"79":0,"80":0,"83":1,"84":0,"86":1,"87":0,"89":1,"90":0,"91":0,"94":1,"95":0,"100":0,"101":0,"102":0,"105":1,"106":0,"107":0,"109":0,"110":0,"111":0,"113":0,"115":0,"116":0,"120":0,"121":0,"122":0,"124":0,"125":0,"132":0,"133":0,"135":0,"136":0,"138":0,"139":0,"141":0,"142":0,"144":0,"145":0,"147":0,"148":0,"149":0,"150":0,"152":0,"155":0,"157":0,"159":0,"161":0,"164":0,"165":0,"167":0,"169":0,"170":0,"174":0,"176":0,"179":1,"180":0,"181":0,"182":0,"184":0,"185":0,"186":0,"190":1,"191":0}},"/home/travis/build/npmtest/node-npmtest-html-to-text/node_modules/html-to-text/lib/helper.js":{"path":"/home/travis/build/npmtest/node-npmtest-html-to-text/node_modules/html-to-text/lib/helper.js","s":{"1":1,"2":1,"3":1,"4":0,"5":0,"6":0,"7":0,"8":0,"9":0,"10":0,"11":0,"12":0,"13":0,"14":0,"15":0,"16":0,"17":0,"18":0,"19":0,"20":0,"21":0,"22":0,"23":0,"24":0,"25":0,"26":0,"27":0,"28":0,"29":0,"30":1,"31":0,"32":0,"33":0,"34":0,"35":0,"36":0,"37":0,"38":0,"39":0,"40":0,"41":0,"42":0,"43":0,"44":0,"45":0,"46":0,"47":0,"48":0,"49":0,"50":0,"51":0,"52":0,"53":0,"54":0,"55":0,"56":0,"57":0,"58":0,"59":1,"60":0,"61":1,"62":1,"63":0,"64":0,"65":0,"66":0,"67":0,"68":0,"69":0,"70":0,"71":0,"72":0},"b":{"1":[0,0],"2":[0,0],"3":[0,0],"4":[0,0],"5":[0,0],"6":[0,0],"7":[0,0],"8":[0,0],"9":[0,0],"10":[0,0],"11":[0,0,0,0,0],"12":[0,0],"13":[0,0,0,0],"14":[0,0],"15":[0,0],"16":[0,0],"17":[0,0]},"f":{"1":0,"2":0,"3":0,"4":0,"5":0,"6":0},"fnMap":{"1":{"name":"splitLongWord","line":7,"loc":{"start":{"line":7,"column":0},"end":{"line":7,"column":38}}},"2":{"name":"wordwrap","line":52,"loc":{"start":{"line":52,"column":19},"end":{"line":52,"column":52}}},"3":{"name":"(anonymous_3)","line":67,"loc":{"start":{"line":67,"column":16},"end":{"line":67,"column":31}}},"4":{"name":"arrayZip","line":113,"loc":{"start":{"line":113,"column":19},"end":{"line":113,"column":44}}},"5":{"name":"splitCssSearchTag","line":117,"loc":{"start":{"line":117,"column":28},"end":{"line":117,"column":66}}},"6":{"name":"getParams","line":118,"loc":{"start":{"line":118,"column":2},"end":{"line":118,"column":33}}}},"statementMap":{"1":{"start":{"line":1,"column":0},"end":{"line":1,"column":30}},"2":{"start":{"line":2,"column":0},"end":{"line":2,"column":38}},"3":{"start":{"line":7,"column":0},"end":{"line":50,"column":1}},"4":{"start":{"line":8,"column":2},"end":{"line":8,"column":66}},"5":{"start":{"line":9,"column":2},"end":{"line":9,"column":73}},"6":{"start":{"line":10,"column":2},"end":{"line":10,"column":29}},"7":{"start":{"line":12,"column":2},"end":{"line":12,"column":20}},"8":{"start":{"line":13,"column":2},"end":{"line":13,"column":14}},"9":{"start":{"line":14,"column":2},"end":{"line":46,"column":3}},"10":{"start":{"line":15,"column":4},"end":{"line":15,"column":40}},"11":{"start":{"line":16,"column":4},"end":{"line":16,"column":42}},"12":{"start":{"line":18,"column":4},"end":{"line":18,"column":64}},"13":{"start":{"line":20,"column":4},"end":{"line":45,"column":5}},"14":{"start":{"line":23,"column":6},"end":{"line":23,"column":63}},"15":{"start":{"line":24,"column":6},"end":{"line":24,"column":57}},"16":{"start":{"line":26,"column":6},"end":{"line":26,"column":12}},"17":{"start":{"line":27,"column":6},"end":{"line":44,"column":7}},"18":{"start":{"line":29,"column":8},"end":{"line":40,"column":9}},"19":{"start":{"line":30,"column":10},"end":{"line":30,"column":35}},"20":{"start":{"line":31,"column":10},"end":{"line":31,"column":32}},"21":{"start":{"line":32,"column":10},"end":{"line":34,"column":11}},"22":{"start":{"line":33,"column":12},"end":{"line":33,"column":21}},"23":{"start":{"line":36,"column":10},"end":{"line":36,"column":44}},"24":{"start":{"line":37,"column":10},"end":{"line":39,"column":11}},"25":{"start":{"line":38,"column":12},"end":{"line":38,"column":25}},"26":{"start":{"line":41,"column":8},"end":{"line":41,"column":14}},"27":{"start":{"line":43,"column":8},"end":{"line":43,"column":42}},"28":{"start":{"line":47,"column":2},"end":{"line":47,"column":22}},"29":{"start":{"line":49,"column":2},"end":{"line":49,"column":29}},"30":{"start":{"line":52,"column":0},"end":{"line":111,"column":2}},"31":{"start":{"line":53,"column":2},"end":{"line":53,"column":29}},"32":{"start":{"line":54,"column":2},"end":{"line":54,"column":50}},"33":{"start":{"line":55,"column":2},"end":{"line":55,"column":37}},"34":{"start":{"line":58,"column":2},"end":{"line":58,"column":51}},"35":{"start":{"line":59,"column":2},"end":{"line":59,"column":26}},"36":{"start":{"line":60,"column":2},"end":{"line":60,"column":18}},"37":{"start":{"line":62,"column":2},"end":{"line":64,"column":21}},"38":{"start":{"line":67,"column":2},"end":{"line":99,"column":5}},"39":{"start":{"line":69,"column":4},"end":{"line":74,"column":5}},"40":{"start":{"line":71,"column":6},"end":{"line":71,"column":40}},"41":{"start":{"line":73,"column":6},"end":{"line":73,"column":33}},"42":{"start":{"line":77,"column":4},"end":{"line":79,"column":5}},"43":{"start":{"line":78,"column":6},"end":{"line":78,"column":42}},"44":{"start":{"line":81,"column":4},"end":{"line":81,"column":22}},"45":{"start":{"line":84,"column":4},"end":{"line":98,"column":5}},"46":{"start":{"line":85,"column":6},"end":{"line":85,"column":33}},"47":{"start":{"line":88,"column":6},"end":{"line":88,"column":24}},"48":{"start":{"line":89,"column":6},"end":{"line":89,"column":58}},"49":{"start":{"line":91,"column":6},"end":{"line":94,"column":7}},"50":{"start":{"line":92,"column":8},"end":{"line":92,"column":22}},"51":{"start":{"line":93,"column":8},"end":{"line":93,"column":17}},"52":{"start":{"line":97,"column":6},"end":{"line":97,"column":32}},"53":{"start":{"line":101,"column":2},"end":{"line":101,"column":29}},"54":{"start":{"line":104,"column":2},"end":{"line":108,"column":3}},"55":{"start":{"line":105,"column":4},"end":{"line":105,"column":30}},"56":{"start":{"line":106,"column":9},"end":{"line":108,"column":3}},"57":{"start":{"line":107,"column":4},"end":{"line":107,"column":26}},"58":{"start":{"line":110,"column":2},"end":{"line":110,"column":16}},"59":{"start":{"line":113,"column":0},"end":{"line":115,"column":2}},"60":{"start":{"line":114,"column":2},"end":{"line":114,"column":31}},"61":{"start":{"line":117,"column":0},"end":{"line":133,"column":2}},"62":{"start":{"line":118,"column":2},"end":{"line":124,"column":3}},"63":{"start":{"line":119,"column":4},"end":{"line":119,"column":29}},"64":{"start":{"line":120,"column":4},"end":{"line":122,"column":5}},"65":{"start":{"line":121,"column":6},"end":{"line":121,"column":30}},"66":{"start":{"line":123,"column":4},"end":{"line":123,"column":20}},"67":{"start":{"line":126,"column":2},"end":{"line":126,"column":20}},"68":{"start":{"line":127,"column":2},"end":{"line":127,"column":28}},"69":{"start":{"line":128,"column":2},"end":{"line":128,"column":50}},"70":{"start":{"line":129,"column":2},"end":{"line":129,"column":60}},"71":{"start":{"line":130,"column":2},"end":{"line":130,"column":55}},"72":{"start":{"
[...]
t":{"line":246,"column":0},"end":{"line":246,"column":28}},"140":{"start":{"line":247,"column":0},"end":{"line":247,"column":40}},"141":{"start":{"line":248,"column":0},"end":{"line":248,"column":44}},"142":{"start":{"line":249,"column":0},"end":{"line":249,"column":34}},"143":{"start":{"line":250,"column":0},"end":{"line":250,"column":46}}},"branchMap":{"1":{"line":8,"type":"binary-expr","locations":[{"start":{"line":8,"column":13},"end":{"line":8,"column":22}},{"start":{"line":8,"column":26},"end":{"line":8,"column":28}}]},"2":{"line":11,"type":"if","locations":[{"start":{"line":11,"column":2},"end":{"line":11,"column":2}},{"start":{"line":11,"column":2},"end":{"line":11,"column":2}}]},"3":{"line":14,"type":"cond-expr","locations":[{"start":{"line":14,"column":51},"end":{"line":14,"column":66}},{"start":{"line":14,"column":69},"end":{"line":14,"column":73}}]},"4":{"line":19,"type":"if","locations":[{"start":{"line":19,"column":2},"end":{"line":19,"column":2}},{"start":{"line":19,"column":2},"end":{"line":19,"column":2}}]},"5":{"line":23,"type":"binary-expr","locations":[{"start":{"line":23,"column":29},"end":{"line":23,"column":41}},{"start":{"line":23,"column":45},"end":{"line":23,"column":47}}]},"6":{"line":24,"type":"if","locations":[{"start":{"line":24,"column":2},"end":{"line":24,"column":2}},{"start":{"line":24,"column":2},"end":{"line":24,"column":2}}]},"7":{"line":26,"type":"if","locations":[{"start":{"line":26,"column":4},"end":{"line":26,"column":4}},{"start":{"line":26,"column":4},"end":{"line":26,"column":4}}]},"8":{"line":30,"type":"if","locations":[{"start":{"line":30,"column":2},"end":{"line":30,"column":2}},{"start":{"line":30,"column":2},"end":{"line":30,"column":2}}]},"9":{"line":42,"type":"if","locations":[{"start":{"line":42,"column":2},"end":{"line":42,"column":2}},{"start":{"line":42,"column":2},"end":{"line":42,"column":2}}]},"10":{"line":51,"type":"if","locations":[{"start":{"line":51,"column":2},"end":{"line":51,"column":2}},{"start":{"line":51,"column":2},"end":{"line":51,"column":2}}]},"11":{"line":66,"type":"binary-expr","locations":[{"start":{"line":66,"column":16},"end":{"line":66,"column":29}},{"start":{"line":66,"column":33},"end":{"line":66,"column":35}}]},"12":{"line":67,"type":"if","locations":[{"start":{"line":67,"column":2},"end":{"line":67,"column":2}},{"start":{"line":67,"column":2},"end":{"line":67,"column":2}}]},"13":{"line":71,"type":"cond-expr","locations":[{"start":{"line":71,"column":39},"end":{"line":71,"column":54}},{"start":{"line":71,"column":57},"end":{"line":71,"column":61}}]},"14":{"line":73,"type":"if","locations":[{"start":{"line":73,"column":2},"end":{"line":73,"column":2}},{"start":{"line":73,"column":2},"end":{"line":73,"column":2}}]},"15":{"line":75,"type":"if","locations":[{"start":{"line":75,"column":4},"end":{"line":75,"column":4}},{"start":{"line":75,"column":4},"end":{"line":75,"column":4}}]},"16":{"line":75,"type":"binary-expr","locations":[{"start":{"line":75,"column":8},"end":{"line":75,"column":20}},{"start":{"line":75,"column":24},"end":{"line":75,"column":41}}]},"17":{"line":78,"type":"if","locations":[{"start":{"line":78,"column":4},"end":{"line":78,"column":4}},{"start":{"line":78,"column":4},"end":{"line":78,"column":4}}]},"18":{"line":79,"type":"if","locations":[{"start":{"line":79,"column":6},"end":{"line":79,"column":6}},{"start":{"line":79,"column":6},"end":{"line":79,"column":6}}]},"19":{"line":79,"type":"binary-expr","locations":[{"start":{"line":79,"column":10},"end":{"line":79,"column":33}},{"start":{"line":79,"column":37},"end":{"line":79,"column":60}}]},"20":{"line":82,"type":"if","locations":[{"start":{"line":82,"column":6},"end":{"line":82,"column":6}},{"start":{"line":82,"column":6},"end":{"line":82,"column":6}}]},"21":{"line":82,"type":"binary-expr","locations":[{"start":{"line":82,"column":10},"end":{"line":82,"column":43}},{"start":{"line":82,"column":47},"end":{"line":82,"column":87}}]},"22":{"line":83,"type":"if","locations":[{"start":{"line":83,"column":8},"end":{"line":83,"column":8}},{"start":{"line":83,"column":8},"end":{"line":83,"column":8}}]},"23":{"line":94,"type":"binary-expr","locations":[{"start":{"line":94,"column":28},"end":{"line":94,"column":34}},{"start":{"line":94,"column":38},"end":{"line":94,"column":42}}]},"24":{"line":104,"type":"if","locations":[{"start":{"line":104,"column":2},"end":{"line":104,"column":2}},{"start":{"line":104,"column":2},"end":{"line":104,"column":2}}]},"25":{"line":119,"type":"binary-expr","locations":[{"start":{"line":119,"column":31},"end":{"line":119,"column":44}},{"start":{"line":119,"column":48},"end":{"line":119,"column":50}}]},"26":{"line":120,"type":"binary-expr","locations":[{"start":{"line":120,"column":11},"end":{"line":120,"column":32}},{"start":{"line":120,"column":36},"end":{"line":120,"column":69}}]},"27":{"line":130,"type":"binary-expr","locations":[{"start":{"line":130,"column":31},"end":{"line":130,"column":44}},{"start":{"line":130,"column":48},"end":{"line":130,"column":50}}]},"28":{"line":131,"type":"binary-expr","locations":[{"start":{"line":131,"column":11},"end":{"line":131,"column":32}},{"start":{"line":131,"column":36},"end":{"line":131,"column":69}}]},"29":{"line":140,"type":"binary-expr","locations":[{"start":{"line":140,"column":15},"end":{"line":140,"column":32}},{"start":{"line":140,"column":36},"end":{"line":140,"column":39}}]},"30":{"line":142,"type":"if","locations":[{"start":{"line":142,"column":2},"end":{"line":142,"column":2}},{"start":{"line":142,"column":2},"end":{"line":142,"column":2}}]},"31":{"line":144,"type":"binary-expr","locations":[{"start":{"line":144,"column":23},"end":{"line":144,"column":41}},{"start":{"line":144,"column":45},"end":{"line":144,"column":48}}]},"32":{"line":152,"type":"cond-expr","locations":[{"start":{"line":152,"column":38},"end":{"line":152,"column":82}},{"start":{"line":152,"column":85},"end":{"line":152,"column":97}}]},"33":{"line":192,"type":"if","locations":[{"start":{"line":192,"column":4},"end":{"line":192,"column":4}},{"start":{"line":192,"column":4},"end":{"line":192,"column":4}}]},"34":{"line":195,"type":"switch","locations":[{"start":{"line":196,"column":6},"end":{"line":196,"column":19}},{"start":{"line":197,"column":6},"end":{"line":197,"column":19}},{"start":{"line":198,"column":6},"end":{"line":198,"column":19}},{"start":{"line":199,"column":6},"end":{"line":201,"column":15}},{"start":{"line":203,"column":6},"end":{"line":235,"column":14}}]},"35":{"line":207,"type":"if","locations":[{"start":{"line":207,"column":10},"end":{"line":207,"column":10}},{"start":{"line":207,"column":10},"end":{"line":207,"column":10}}]},"36":{"line":208,"type":"switch","locations":[{"start":{"line":209,"column":14},"end":{"line":212,"column":22}},{"start":{"line":214,"column":14},"end":{"line":224,"column":22}}]},"37":{"line":218,"type":"if","locations":[{"start":{"line":218,"column":16},"end":{"line":218,"column":16}},{"start":{"line":218,"column":16},"end":{"line":218,"column":16}}]},"38":{"line":218,"type":"binary-expr","locations":[{"start":{"line":218,"column":20},"end":{"line":218,"column":32}},{"start":{"line":218,"column":36},"end":{"line":218,"column":56}}]},"39":{"line":219,"type":"binary-expr","locations":[{"start":{"line":219,"column":26},"end":{"line":219,"column":50}},{"start":{"line":219,"column":54},"end":{"line":219,"column":55}}]},"40":{"line":231,"type":"binary-expr","locations":[{"start":{"line":231,"column":19},"end":{"line":231,"column":22}},{"start":{"line":231,"column":26},"end":{"line":231,"column":28}}]}},"code":["var _ = require('underscore');","var _s = require('underscore.string');","var he = require('he');","","var helper = require('./helper');","","function formatText(elem, options) {","  var text = elem.data || \"\";","  text = he.decode(text, options.decodeOptions);","","  if (options.isInPre) {","    return text;","  } else {","    return helper.wordwrap(elem.trimLeadingSpace ? _s.lstrip(text) : text, options);","  }","}","","function formatImage(elem, options) {","  if (options.ignoreImage) {","    return '';","  }","","  var result = '', attribs = elem.attribs || {};","  if (attribs.alt) {","    result += he.decode(attribs.alt, options.decodeOptions);","    if (attribs.src) {","      result += ' ';","    }","  }","  if (attribs.src) {","    result += '[' + attribs.src + ']';","  }","  return (result);","}","","function formatLineBreak(elem, fn, options) {","  return '\\n' + fn(elem.children, options);","}","","function formatParagraph(elem, fn, options) {","  var paragraph = fn(elem.children, options)","  if (options.singleNewLineParagraphs) {","    return paragraph + '\\n'","  } else {","    return paragraph + '\\n\\n'","  }","}","","function formatHeading(elem, fn, options) {","  var heading = fn(elem.children, options);","  if (options.uppercaseHeadings) {","    heading = heading.toUpperCase();","  }","  return heading + '\\n';","}","","// If we have both href and anchor text, format it in a useful manner:","// - \"anchor text [href]\"","// Otherwise if we have only anchor text or an href, we return the part we have:","// - \"anchor text\" or","// - \"href\"","function formatAnchor(elem, fn, options) {","  var href = '';","  // Always get the anchor text","  var storedCharCount = options.lineCharCount;","  var text = fn(elem.children || [], options);","  if (!text) {","    text = '';","  }","","  var result = elem.trimLeadingSpace ? _s.lstrip(text) : text;","","  if (!options.ignoreHref) {","    // Get the href, if present","    if (elem.attribs && elem.attribs.href) {","      href = elem.attribs.href.replace(/^mailto\\:/, '');","    }","    if (href) {","      if (options.linkHrefBaseUrl && href.indexOf('/') === 0) {","        href = options.linkHrefBaseUrl + href;","      }","      if (!options.hideLinkHrefIfSameAsText || href !== _s.replaceAll(result, '\\n', '')) {","        if (!options.noLinkBrackets) {","          result += ' [' + href + ']';","        } else {","          result += ' ' + href;","        }","      }","    }","  }","","  options.lineCharCount = storedCharCount;","","  return formatText({ data: result || href, trimLeadingSpace: elem.trimLeadingSpace }, options);","}","","function formatHorizontalLine(elem, fn, options) {","  return '\\n' + _s.repeat('-', options.wordwrap) + '\\n\\n';","}","","function formatListItem(prefix, elem, fn, options) {","  options = _.clone(options);","  // Reduce the wordwrap for sub elements.","  if (options.wordwrap) {","    options.wordwrap -= prefix.length;","  }","  // Process sub elements.","  var text = fn(elem.children, options);","  // Replace all line breaks with line break + prefix spacing.","  text = text.replace(/\\n/g, '\\n' + _s.repeat(' ', prefix.length));","  // Add first prefix and line break at the end.","  return prefix + text + '\\n';","}","","var whiteSpaceRegex = /^\\s*$/;","","function formatUnorderedList(elem, fn, options) {","  var result = '';","  var nonWhiteSpaceChildren = (elem.children || []).filter(function(child) {","    return child.type !== 'text' || !whiteSpaceRegex.test(child.data);","  });","  _.each(nonWhiteSpaceChildren, function(elem) {","    result += formatListItem(' * ', elem, fn, options);","  });","  return result + '\\n';","}","","function formatOrderedList(elem, fn, options) {","  var result = '';","  var nonWhiteSpaceChildren = (elem.children || []).filter(function(child) {","    return child.type !== 'text' || !whiteSpaceRegex.test(child.data);","  });","  // Return different functions for different OL types","  var typeFunctions = {","    1: function(start, i) { return i + 1 + start},","    a: function(start, i) { return String.fromCharCode(i + start + 97)},","    A: function(start, i) { return String.fromCharCode(i + start + 65)}","  };","  // Determine type","  var olType = elem.attribs.type || '1'","  // Make sure there are list items present","  if (nonWhiteSpaceChildren.length) {","    // Calculate initial start from ol attribute","    var start = Number(elem.attribs.start || '1') - 1","    // Calculate the maximum length to i.","    var maxLength = (nonWhiteSpaceChildren.length + start).toString().length;","    _.each(nonWhiteSpaceChildren, function(elem, i) {","      // Use different function depending on type","      var index = typeFunctions[olType](start, i);","      // Calculate the needed spacing for nice indentation.","      var spacing = maxLength - index.toString().length;","      var prefix = (olType === '1') ? ' ' + index + '. ' + _s.repeat(' ', spacing) : index + '. ';","      result += formatListItem(prefix, elem, fn, options);","    });","  }","  return result + '\\n';","}","","function tableToString(table) {","  // Determine space width per column","  // Convert all rows to lengths","  var widths = _.map(table, function(row) {","    return _.map(row, function(col) {","      return col.length;","    });","  });","  // Invert rows with colums","  widths = helper.arrayZip(widths);","  // Determine the max values for each column","  widths = _.map(widths, function(col) {","    return _.max(col);","  });","","  // Build the table","  var text = '';","  _.each(table, function(row) {","    var i = 0;","    _.each(row, function(col) {","      text += _s.rpad(_s.strip(col), widths[i++], ' ') + '   ';","    });","    text += '\\n';","  });","  return text + '\\n';","}","","function formatTable(elem, fn, options) {","  var table = [];","  _.each(elem.children, tryParseRows);","  return tableToString(table);","","  function tryParseRows(elem) {","    if (elem.type !== 'tag') {","      return;","    }","    switch (elem.name.toLowerCase()) {","      case \"thead\":","      case \"tbody\":","      case \"tfoot\":","      case \"center\":","        _.each(elem.children, tryParseRows);","        return;","","      case 'tr':","        var rows = [];","        _.each(elem.children, function(elem) {","          var tokens, times;","          if (elem.type === 'tag') {","            switch (elem.name.toLowerCase()) {","              case 'th':","                tokens = formatHeading(elem, fn, options).split('\\n');","                rows.push(_.compact(tokens));","                break;","","              case 'td':","                tokens = fn(elem.children, options).split('\\n');","                rows.push(_.compact(tokens));","                // Fill colspans with empty values","                if (elem.attribs && elem.attribs.colspan) {","                  times = elem.attribs.colspan - 1 || 0;","                  _.times(times, function() {","                    rows.push(['']);","                  });","                }","                break;","            }","          }","        });","        rows = helper.arrayZip(rows);","        _.each(rows, function(row) {","          row = _.map(row, function(col) {","            return col || '';","          });","          table.push(row);","        });","        break;","    }","  }","}","","exports.text = formatText;","exports.image = formatImage;","exports.lineBreak = formatLineBreak;","exports.paragraph = formatParagraph;","exports.anchor = formatAnchor;","exports.heading = formatHeading;","exports.table = formatTable;","exports.orderedList = formatOrderedList;","exports.unorderedList = formatUnorderedList;","exports.listItem = formatListItem;","exports.horizontalLine = formatHorizontalLine;",""],"l":{"1":1,"2":1,"3":1,"5":1,"7":1,"8":0,"9":0,"11":0,"12":0,"14":0,"18":1,"19":0,"20":0,"23":0,"24":0,"25":0,"26":0,"27":0,"30":0,"31":0,"33":0,"36":1,"37":0,"40":1,"41":0,"42":0,"43":0,"45":0,"49":1,"50":0,"51":0,"52":0,"54":0,"62":1,"63":0,"65":0,"66":0,"67":0,"68":0,"71":0,"73":0,"75":0,"76":0,"78":0,"79":0,"80":0,"82":0,"83":0,"84":0,"86":0,"92":0,"94":0,"97":1,"98":0,"101":1,"102":0,"104":0,"105":0,"108":0,"110":0,"112":0,"115":1,"117":1,"118":0,"119":0,"120":0,"122":0,"123":0,"125":0,"128":1,"129":0,"130":0,"131":0,"134":0,"135":0,"136":0,"137":0,"140":0,"142":0,"144":0,"146":0,"147":0,"149":0,"151":0,"152":0,"153":0,"156":0,"159":1,"162":0,"163":0,"164":0,"168":0,"170":0,"171":0,"175":0,"176":0,"177":0,"178":0,"179":0,"181":0,"183":0,"186":1,"187":0,"188":0,"189":0,"191":1,"192":0,"193":0,"195":0,"200":0,"201":0,"204":0,"205":0,"206":0,"207":0,"208":0,"210":0,"211":0,"212":0,"215":0,"216":0,"218":0,"219":0,"220":0,"221":0,"224":0,"228":0,"229":0,"230":0,"231":0,"233":0,"235":0,"240":1,"241":1,"242":1,"243":1,"244":1,"245":1,"246":1,"247":1,"248":1,"249":1,"250":1}},"/home/travis/build/npmtest/node-npmtest-html-to-text/node_modules/html-to-text/bin/cli.js":{"path":"/home/travis/build/npmtest/node-npmtest-html-to-text/node_modules/html-to-text/bin/cli.js","s":{"1":1,"2":1,"3":1,"4":1,"5":1,"6":1,"7":1,"8":1,"9":0,"10":1,"11":0,"12":0,"13":1,"14":0,"15":0,"16":0},"b":{"1":[0,0],"2":[0,0,0],"3":[0,0]},"f":{"1":0,"2":0,"3":0},"fnMap":{"1":{"name":"data","line":20,"loc":{"start":{"line":20,"column":25},"end":{"line":20,"column":45}}},"2":{"name":"end","line":24,"loc":{"start":{"line":24,"column":24},"end":{"line":24,"column":39}}},"3":{"name":"interpretTables","line":35,"loc":{"start":{"line":35,"column":0},"end":{"line":35,"column":33}}}},"statementMap":{"1":{"start":{"line":2,"column":0},"end":{"line":2,"column":35}},"2":{"start":{"line":4,"column":0},"end":{"line":4,"column":48}},"3":{"start":{"line":6,"column":0},"end":{"line":12,"column":8}},"4":{"start":{"line":14,"column":0},"end":{"line":14,"column":14}},"5":{"start":{"line":16,"column":0},"end":{"line":16,"column":31}},"6":{"start":{"line":18,"column":0},"end":{"line":18,"column":23}},"7":{"start":{"line":19,"column":0},"end":{"line":19,"column":34}},"8":{"start":{"line":20,"column":0},"end":{"line":22,"column":3}},"9":{"start":{"line":21,"column":2},"end":{"line":21,"column":15}},"10":{"start":{"line":24,"column":0},"end":{"line":33,"column":3}},"11":{"start":{"line":25,"column":2},"end":{"line":31,"column":5}},"12":{"start":{"line":32,"column":2},"end":{"line":32,"column":45}},"13":{"start":{"line":35,"column":0},"end":{"line":40,"column":1}},"14":{"start":{"line":36,"column":2},"end":{"line":38,"column":3}},"15":{"start":{"line":37,"column":4},"end":{"line":37,"column":14}},"16":{"start":{"line":39,"column":2},"end":{"line":39,"column":48}}},"branchMap":{"1":{"line":36,"type":"if","locations":[{"start":{"line":36,"column":2},"end":{"line":36,"column":2}},{"start":{"line":36,"column":2},"end":{"line":36,"column":2}}]},"2":{"line":36,"type":"binary-expr","locations":[{"start":{"line":36,"column":6},"end":{"line":36,"column":13}},{"start":{"line":36,"column":17},"end":{"line":36,"column":30}},{"start":{"line":36,"column":34},"end":{"line":36,"column":52}}]},"3":{"line":39,"type":"binary-expr","locations":[{"start":{"line":39,"column":9},"end":{"line":39,"column":26}},{"start":{"line":39,"column":30},"end":{"line":39,"column":47}}]}},"code":["//#!/usr/bin/env node","var optimist = require('optimist');","","var htmlToText = require('../lib/html-to-text');","","var argv = optimist","  .string('tables')","  .default('wordwrap', 80)","  .default('ignore-href', false)","  .default('ignore-image', false)","  .default('noLinkBrackets', false)","  .argv;","","var text = '';","","process.title = 'html-to-text';","","process.stdin.resume();","process.stdin.setEncoding('utf8');","process.stdin.on('data', function data(data) {","  text += data;","});","","process.stdin.on('end', function end() {","  text = htmlToText.fromString(text, {","    tables: interpretTables(argv.tables),","    wordwrap: argv.wordwrap,","    ignoreHref: argv['ignore-href'],","    ignoreImage: argv['ignore-image'],","    noLinkBrackets: argv['noLinkBrackets']","  });","  process.stdout.write(text + '\\n', 'utf-8');","});","","function interpretTables(tables) {","  if (!tables || tables === '' || tables === 'false') {","    return [];","  }","  return tables === 'true' || tables.split(',');","}",""],"l":{"2":1,"4":1,"6":1,"14":1,"16":1,"18":1,"19":1,"20":1,"21":0,"24":1,"25":0,"32":0,"35":1,"36":0,"37":0,"39":0}}}